{"name":"hexo","hostname":"zqhdeMacBook-Pro.local","pid":13522,"level":20,"msg":"Hexo version: \u001b[35m3.3.7\u001b[39m","time":"2017-07-15T10:33:24.466Z","v":0}
{"name":"hexo","hostname":"zqhdeMacBook-Pro.local","pid":13522,"level":20,"msg":"Working directory: \u001b[35m~/Desktop/JokerZhengBlog/\u001b[39m","time":"2017-07-15T10:33:24.470Z","v":0}
{"name":"hexo","hostname":"zqhdeMacBook-Pro.local","pid":13522,"level":20,"msg":"Config loaded: \u001b[35m~/Desktop/JokerZhengBlog/_config.yml\u001b[39m","time":"2017-07-15T10:33:24.563Z","v":0}
{"name":"hexo","hostname":"zqhdeMacBook-Pro.local","pid":13522,"level":20,"msg":"Script loaded: \u001b[35mthemes/landscape/scripts/fancybox.js\u001b[39m","time":"2017-07-15T10:33:24.572Z","v":0}
{"name":"hexo","hostname":"zqhdeMacBook-Pro.local","pid":13522,"level":20,"msg":"Plugin loaded: \u001b[35mhexo-generator-archive\u001b[39m","time":"2017-07-15T10:33:24.575Z","v":0}
{"name":"hexo","hostname":"zqhdeMacBook-Pro.local","pid":13522,"level":20,"msg":"Plugin loaded: \u001b[35mhexo-fs\u001b[39m","time":"2017-07-15T10:33:24.578Z","v":0}
{"name":"hexo","hostname":"zqhdeMacBook-Pro.local","pid":13522,"level":20,"msg":"Plugin loaded: \u001b[35mhexo-generator-category\u001b[39m","time":"2017-07-15T10:33:24.579Z","v":0}
{"name":"hexo","hostname":"zqhdeMacBook-Pro.local","pid":13522,"level":20,"msg":"Plugin loaded: \u001b[35mhexo-generator-index\u001b[39m","time":"2017-07-15T10:33:24.580Z","v":0}
{"name":"hexo","hostname":"zqhdeMacBook-Pro.local","pid":13522,"level":20,"msg":"Plugin loaded: \u001b[35mhexo-generator-tag\u001b[39m","time":"2017-07-15T10:33:24.581Z","v":0}
{"name":"hexo","hostname":"zqhdeMacBook-Pro.local","pid":13522,"level":20,"msg":"Plugin loaded: \u001b[35mhexo-renderer-ejs\u001b[39m","time":"2017-07-15T10:33:24.583Z","v":0}
{"name":"hexo","hostname":"zqhdeMacBook-Pro.local","pid":13522,"level":20,"msg":"Plugin loaded: \u001b[35mhexo-renderer-stylus\u001b[39m","time":"2017-07-15T10:33:24.584Z","v":0}
{"name":"hexo","hostname":"zqhdeMacBook-Pro.local","pid":13522,"level":20,"msg":"Plugin loaded: \u001b[35mhexo-renderer-marked\u001b[39m","time":"2017-07-15T10:33:24.588Z","v":0}
{"name":"hexo","hostname":"zqhdeMacBook-Pro.local","pid":13522,"level":20,"msg":"Plugin loaded: \u001b[35mhexo-server\u001b[39m","time":"2017-07-15T10:33:24.638Z","v":0}
{"name":"hexo","hostname":"zqhdeMacBook-Pro.local","pid":13522,"level":20,"msg":"Database saved","time":"2017-07-15T10:33:24.643Z","v":0}
{"name":"hexo","hostname":"zqhdeMacBook-Pro.local","pid":14859,"level":20,"msg":"Hexo version: \u001b[35m3.3.7\u001b[39m","time":"2017-07-15T13:56:31.145Z","v":0}
{"name":"hexo","hostname":"zqhdeMacBook-Pro.local","pid":14859,"level":20,"msg":"Working directory: \u001b[35m~/Desktop/JokerZhengBlog/\u001b[39m","time":"2017-07-15T13:56:31.147Z","v":0}
{"name":"hexo","hostname":"zqhdeMacBook-Pro.local","pid":14859,"level":20,"msg":"Config loaded: \u001b[35m~/Desktop/JokerZhengBlog/_config.yml\u001b[39m","time":"2017-07-15T13:56:31.241Z","v":0}
{"name":"hexo","hostname":"zqhdeMacBook-Pro.local","pid":14859,"level":20,"msg":"Plugin loaded: \u001b[35mhexo-fs\u001b[39m","time":"2017-07-15T13:56:31.257Z","v":0}
{"name":"hexo","hostname":"zqhdeMacBook-Pro.local","pid":14859,"level":20,"msg":"Plugin loaded: \u001b[35mhexo-generator-category\u001b[39m","time":"2017-07-15T13:56:31.258Z","v":0}
{"name":"hexo","hostname":"zqhdeMacBook-Pro.local","pid":14859,"level":20,"msg":"Plugin loaded: \u001b[35mhexo-generator-archive\u001b[39m","time":"2017-07-15T13:56:31.260Z","v":0}
{"name":"hexo","hostname":"zqhdeMacBook-Pro.local","pid":14859,"level":20,"msg":"Plugin loaded: \u001b[35mhexo-generator-index\u001b[39m","time":"2017-07-15T13:56:31.261Z","v":0}
{"name":"hexo","hostname":"zqhdeMacBook-Pro.local","pid":14859,"level":20,"msg":"Plugin loaded: \u001b[35mhexo-generator-tag\u001b[39m","time":"2017-07-15T13:56:31.262Z","v":0}
{"name":"hexo","hostname":"zqhdeMacBook-Pro.local","pid":14859,"level":20,"msg":"Plugin loaded: \u001b[35mhexo-renderer-ejs\u001b[39m","time":"2017-07-15T13:56:31.264Z","v":0}
{"name":"hexo","hostname":"zqhdeMacBook-Pro.local","pid":14859,"level":20,"msg":"Plugin loaded: \u001b[35mhexo-renderer-marked\u001b[39m","time":"2017-07-15T13:56:31.268Z","v":0}
{"name":"hexo","hostname":"zqhdeMacBook-Pro.local","pid":14859,"level":20,"msg":"Plugin loaded: \u001b[35mhexo-renderer-stylus\u001b[39m","time":"2017-07-15T13:56:31.269Z","v":0}
{"name":"hexo","hostname":"zqhdeMacBook-Pro.local","pid":14859,"level":20,"msg":"Plugin loaded: \u001b[35mhexo-server\u001b[39m","time":"2017-07-15T13:56:31.321Z","v":0}
{"name":"hexo","hostname":"zqhdeMacBook-Pro.local","pid":14859,"level":20,"msg":"Script loaded: \u001b[35mthemes/next/scripts/merge-configs.js\u001b[39m","time":"2017-07-15T13:56:31.324Z","v":0}
{"name":"hexo","hostname":"zqhdeMacBook-Pro.local","pid":14859,"level":20,"msg":"Script loaded: \u001b[35mthemes/next/scripts/merge.js\u001b[39m","time":"2017-07-15T13:56:31.327Z","v":0}
{"name":"hexo","hostname":"zqhdeMacBook-Pro.local","pid":14859,"level":20,"msg":"Script loaded: \u001b[35mthemes/next/scripts/tags/button.js\u001b[39m","time":"2017-07-15T13:56:31.327Z","v":0}
{"name":"hexo","hostname":"zqhdeMacBook-Pro.local","pid":14859,"level":20,"msg":"Script loaded: \u001b[35mthemes/next/scripts/tags/center-quote.js\u001b[39m","time":"2017-07-15T13:56:31.327Z","v":0}
{"name":"hexo","hostname":"zqhdeMacBook-Pro.local","pid":14859,"level":20,"msg":"Script loaded: \u001b[35mthemes/next/scripts/tags/exturl.js\u001b[39m","time":"2017-07-15T13:56:31.328Z","v":0}
{"name":"hexo","hostname":"zqhdeMacBook-Pro.local","pid":14859,"level":20,"msg":"Script loaded: \u001b[35mthemes/next/scripts/tags/full-image.js\u001b[39m","time":"2017-07-15T13:56:31.328Z","v":0}
{"name":"hexo","hostname":"zqhdeMacBook-Pro.local","pid":14859,"level":20,"msg":"Script loaded: \u001b[35mthemes/next/scripts/tags/group-pictures.js\u001b[39m","time":"2017-07-15T13:56:31.329Z","v":0}
{"name":"hexo","hostname":"zqhdeMacBook-Pro.local","pid":14859,"level":20,"msg":"Script loaded: \u001b[35mthemes/next/scripts/tags/note.js\u001b[39m","time":"2017-07-15T13:56:31.329Z","v":0}
{"name":"hexo","hostname":"zqhdeMacBook-Pro.local","pid":14859,"level":20,"msg":"Script loaded: \u001b[35mthemes/next/scripts/tags/lazy-image.js\u001b[39m","time":"2017-07-15T13:56:31.329Z","v":0}
{"name":"hexo","hostname":"zqhdeMacBook-Pro.local","pid":14859,"level":20,"msg":"Loading database.","time":"2017-07-15T13:56:31.336Z","v":0}
{"name":"hexo","hostname":"zqhdeMacBook-Pro.local","pid":14859,"level":30,"msg":"Start processing","time":"2017-07-15T13:56:31.443Z","v":0}
{"name":"hexo","hostname":"zqhdeMacBook-Pro.local","pid":14859,"level":20,"msg":"Processed: \u001b[35m_posts/CocoaPods使用指南.md\u001b[39m","time":"2017-07-15T13:56:31.551Z","v":0}
{"name":"hexo","hostname":"zqhdeMacBook-Pro.local","pid":14859,"level":20,"msg":"Processed: \u001b[35m_posts/Markdown语法教程.md\u001b[39m","time":"2017-07-15T13:56:31.552Z","v":0}
{"name":"hexo","hostname":"zqhdeMacBook-Pro.local","pid":14859,"level":20,"msg":"Processed: \u001b[35m_posts/Markdown语法教程的副本 2.md\u001b[39m","time":"2017-07-15T13:56:31.552Z","v":0}
{"name":"hexo","hostname":"zqhdeMacBook-Pro.local","pid":14859,"level":20,"msg":"Processed: \u001b[35m_posts/Markdown语法教程的副本 3.md\u001b[39m","time":"2017-07-15T13:56:31.552Z","v":0}
{"name":"hexo","hostname":"zqhdeMacBook-Pro.local","pid":14859,"level":20,"msg":"Processed: \u001b[35m_posts/Markdown语法教程的副本 4.md\u001b[39m","time":"2017-07-15T13:56:31.552Z","v":0}
{"name":"hexo","hostname":"zqhdeMacBook-Pro.local","pid":14859,"level":20,"msg":"Processed: \u001b[35m_posts/Markdown语法教程的副本 5.md\u001b[39m","time":"2017-07-15T13:56:31.552Z","v":0}
{"name":"hexo","hostname":"zqhdeMacBook-Pro.local","pid":14859,"level":20,"msg":"Processed: \u001b[35m_posts/Markdown语法教程的副本 6.md\u001b[39m","time":"2017-07-15T13:56:31.554Z","v":0}
{"name":"hexo","hostname":"zqhdeMacBook-Pro.local","pid":14859,"level":20,"msg":"Processed: \u001b[35m_posts/Markdown语法教程的副本 7.md\u001b[39m","time":"2017-07-15T13:56:31.554Z","v":0}
{"name":"hexo","hostname":"zqhdeMacBook-Pro.local","pid":14859,"level":20,"msg":"Processed: \u001b[35m_posts/Markdown语法教程的副本 8.md\u001b[39m","time":"2017-07-15T13:56:31.554Z","v":0}
{"name":"hexo","hostname":"zqhdeMacBook-Pro.local","pid":14859,"level":20,"msg":"Processed: \u001b[35m_posts/Markdown语法教程的副本 9.md\u001b[39m","time":"2017-07-15T13:56:31.555Z","v":0}
{"name":"hexo","hostname":"zqhdeMacBook-Pro.local","pid":14859,"level":20,"msg":"Processed: \u001b[35m_posts/Markdown语法教程的副本.md\u001b[39m","time":"2017-07-15T13:56:31.555Z","v":0}
{"name":"hexo","hostname":"zqhdeMacBook-Pro.local","pid":14859,"level":20,"msg":"Processed: \u001b[35m_posts/h.md\u001b[39m","time":"2017-07-15T13:56:31.555Z","v":0}
{"name":"hexo","hostname":"zqhdeMacBook-Pro.local","pid":14859,"level":20,"msg":"Processed: \u001b[35m_posts/hello-world.md\u001b[39m","time":"2017-07-15T13:56:31.555Z","v":0}
{"name":"hexo","hostname":"zqhdeMacBook-Pro.local","pid":14859,"level":20,"msg":"Processed: \u001b[35m_posts/iOS10及Xcode8适配.md\u001b[39m","time":"2017-07-15T13:56:31.556Z","v":0}
{"name":"hexo","hostname":"zqhdeMacBook-Pro.local","pid":14859,"level":20,"msg":"Processed: \u001b[35m_posts/iOS开发零碎知识点整理.md\u001b[39m","time":"2017-07-15T13:56:31.556Z","v":0}
{"name":"hexo","hostname":"zqhdeMacBook-Pro.local","pid":14859,"level":20,"msg":"Processed: \u001b[35m_posts/用Hexo-GitHub搭建个人博客.md\u001b[39m","time":"2017-07-15T13:56:31.556Z","v":0}
{"name":"hexo","hostname":"zqhdeMacBook-Pro.local","pid":14859,"level":20,"msg":"Theme config loaded.","time":"2017-07-15T13:56:31.607Z","v":0}
{"name":"hexo","hostname":"zqhdeMacBook-Pro.local","pid":14859,"level":20,"msg":"Processed: \u001b[35m_config.yml\u001b[39m","time":"2017-07-15T13:56:31.610Z","v":0}
{"name":"hexo","hostname":"zqhdeMacBook-Pro.local","pid":14859,"level":20,"msg":"Processed: \u001b[35msource/css/main.styl\u001b[39m","time":"2017-07-15T13:56:31.631Z","v":0}
{"name":"hexo","hostname":"zqhdeMacBook-Pro.local","pid":14859,"level":20,"msg":"Processed: \u001b[35msource/images/algolia_logo.svg\u001b[39m","time":"2017-07-15T13:56:31.631Z","v":0}
{"name":"hexo","hostname":"zqhdeMacBook-Pro.local","pid":14859,"level":20,"msg":"Processed: \u001b[35msource/images/avatar.gif\u001b[39m","time":"2017-07-15T13:56:31.632Z","v":0}
{"name":"hexo","hostname":"zqhdeMacBook-Pro.local","pid":14859,"level":20,"msg":"Processed: \u001b[35msource/images/cc-by-nc-nd.svg\u001b[39m","time":"2017-07-15T13:56:31.632Z","v":0}
{"name":"hexo","hostname":"zqhdeMacBook-Pro.local","pid":14859,"level":20,"msg":"Processed: \u001b[35msource/images/cc-by-nc-sa.svg\u001b[39m","time":"2017-07-15T13:56:31.633Z","v":0}
{"name":"hexo","hostname":"zqhdeMacBook-Pro.local","pid":14859,"level":20,"msg":"Processed: \u001b[35msource/images/cc-by-nc.svg\u001b[39m","time":"2017-07-15T13:56:31.633Z","v":0}
{"name":"hexo","hostname":"zqhdeMacBook-Pro.local","pid":14859,"level":20,"msg":"Processed: \u001b[35msource/images/cc-by-nd.svg\u001b[39m","time":"2017-07-15T13:56:31.633Z","v":0}
{"name":"hexo","hostname":"zqhdeMacBook-Pro.local","pid":14859,"level":20,"msg":"Processed: \u001b[35msource/images/cc-by-sa.svg\u001b[39m","time":"2017-07-15T13:56:31.633Z","v":0}
{"name":"hexo","hostname":"zqhdeMacBook-Pro.local","pid":14859,"level":20,"msg":"Processed: \u001b[35msource/images/cc-by.svg\u001b[39m","time":"2017-07-15T13:56:31.634Z","v":0}
{"name":"hexo","hostname":"zqhdeMacBook-Pro.local","pid":14859,"level":20,"msg":"Processed: \u001b[35msource/images/cc-zero.svg\u001b[39m","time":"2017-07-15T13:56:31.634Z","v":0}
{"name":"hexo","hostname":"zqhdeMacBook-Pro.local","pid":14859,"level":20,"msg":"Processed: \u001b[35msource/images/loading.gif\u001b[39m","time":"2017-07-15T13:56:31.634Z","v":0}
{"name":"hexo","hostname":"zqhdeMacBook-Pro.local","pid":14859,"level":20,"msg":"Processed: \u001b[35msource/images/placeholder.gif\u001b[39m","time":"2017-07-15T13:56:31.634Z","v":0}
{"name":"hexo","hostname":"zqhdeMacBook-Pro.local","pid":14859,"level":20,"msg":"Processed: \u001b[35msource/images/quote-l.svg\u001b[39m","time":"2017-07-15T13:56:31.634Z","v":0}
{"name":"hexo","hostname":"zqhdeMacBook-Pro.local","pid":14859,"level":20,"msg":"Processed: \u001b[35msource/images/quote-r.svg\u001b[39m","time":"2017-07-15T13:56:31.634Z","v":0}
{"name":"hexo","hostname":"zqhdeMacBook-Pro.local","pid":14859,"level":20,"msg":"Processed: \u001b[35msource/images/searchicon.png\u001b[39m","time":"2017-07-15T13:56:31.635Z","v":0}
{"name":"hexo","hostname":"zqhdeMacBook-Pro.local","pid":14859,"level":20,"msg":"Processed: \u001b[35mlayout/_layout.swig\u001b[39m","time":"2017-07-15T13:56:31.799Z","v":0}
{"name":"hexo","hostname":"zqhdeMacBook-Pro.local","pid":14859,"level":20,"msg":"Processed: \u001b[35mlayout/archive.swig\u001b[39m","time":"2017-07-15T13:56:31.799Z","v":0}
{"name":"hexo","hostname":"zqhdeMacBook-Pro.local","pid":14859,"level":20,"msg":"Processed: \u001b[35mlayout/category.swig\u001b[39m","time":"2017-07-15T13:56:31.799Z","v":0}
{"name":"hexo","hostname":"zqhdeMacBook-Pro.local","pid":14859,"level":20,"msg":"Processed: \u001b[35mlayout/index.swig\u001b[39m","time":"2017-07-15T13:56:31.799Z","v":0}
{"name":"hexo","hostname":"zqhdeMacBook-Pro.local","pid":14859,"level":20,"msg":"Processed: \u001b[35mlayout/page.swig\u001b[39m","time":"2017-07-15T13:56:31.800Z","v":0}
{"name":"hexo","hostname":"zqhdeMacBook-Pro.local","pid":14859,"level":20,"msg":"Processed: \u001b[35mlayout/post.swig\u001b[39m","time":"2017-07-15T13:56:31.800Z","v":0}
{"name":"hexo","hostname":"zqhdeMacBook-Pro.local","pid":14859,"level":20,"msg":"Processed: \u001b[35mlayout/schedule.swig\u001b[39m","time":"2017-07-15T13:56:31.800Z","v":0}
{"name":"hexo","hostname":"zqhdeMacBook-Pro.local","pid":14859,"level":20,"msg":"Processed: \u001b[35mlayout/tag.swig\u001b[39m","time":"2017-07-15T13:56:31.800Z","v":0}
{"name":"hexo","hostname":"zqhdeMacBook-Pro.local","pid":14859,"level":20,"msg":"Processed: \u001b[35mlanguages/de.yml\u001b[39m","time":"2017-07-15T13:56:31.810Z","v":0}
{"name":"hexo","hostname":"zqhdeMacBook-Pro.local","pid":14859,"level":20,"msg":"Processed: \u001b[35mlanguages/default.yml\u001b[39m","time":"2017-07-15T13:56:31.810Z","v":0}
{"name":"hexo","hostname":"zqhdeMacBook-Pro.local","pid":14859,"level":20,"msg":"Processed: \u001b[35mlanguages/en.yml\u001b[39m","time":"2017-07-15T13:56:31.810Z","v":0}
{"name":"hexo","hostname":"zqhdeMacBook-Pro.local","pid":14859,"level":20,"msg":"Processed: \u001b[35mlanguages/fr-FR.yml\u001b[39m","time":"2017-07-15T13:56:31.810Z","v":0}
{"name":"hexo","hostname":"zqhdeMacBook-Pro.local","pid":14859,"level":20,"msg":"Processed: \u001b[35mlanguages/id.yml\u001b[39m","time":"2017-07-15T13:56:31.810Z","v":0}
{"name":"hexo","hostname":"zqhdeMacBook-Pro.local","pid":14859,"level":20,"msg":"Processed: \u001b[35mlanguages/ja.yml\u001b[39m","time":"2017-07-15T13:56:31.810Z","v":0}
{"name":"hexo","hostname":"zqhdeMacBook-Pro.local","pid":14859,"level":20,"msg":"Processed: \u001b[35mlanguages/ko.yml\u001b[39m","time":"2017-07-15T13:56:31.810Z","v":0}
{"name":"hexo","hostname":"zqhdeMacBook-Pro.local","pid":14859,"level":20,"msg":"Processed: \u001b[35mlanguages/pt-BR.yml\u001b[39m","time":"2017-07-15T13:56:31.810Z","v":0}
{"name":"hexo","hostname":"zqhdeMacBook-Pro.local","pid":14859,"level":20,"msg":"Processed: \u001b[35mlanguages/pt.yml\u001b[39m","time":"2017-07-15T13:56:31.810Z","v":0}
{"name":"hexo","hostname":"zqhdeMacBook-Pro.local","pid":14859,"level":20,"msg":"Processed: \u001b[35mlanguages/ru.yml\u001b[39m","time":"2017-07-15T13:56:31.810Z","v":0}
{"name":"hexo","hostname":"zqhdeMacBook-Pro.local","pid":14859,"level":20,"msg":"Processed: \u001b[35mlanguages/zh-Hans.yml\u001b[39m","time":"2017-07-15T13:56:31.810Z","v":0}
{"name":"hexo","hostname":"zqhdeMacBook-Pro.local","pid":14859,"level":20,"msg":"Processed: \u001b[35mlanguages/zh-hk.yml\u001b[39m","time":"2017-07-15T13:56:31.810Z","v":0}
{"name":"hexo","hostname":"zqhdeMacBook-Pro.local","pid":14859,"level":20,"msg":"Processed: \u001b[35mlanguages/zh-tw.yml\u001b[39m","time":"2017-07-15T13:56:31.810Z","v":0}
{"name":"hexo","hostname":"zqhdeMacBook-Pro.local","pid":14859,"level":20,"msg":"Processed: \u001b[35msource/js/src/affix.js\u001b[39m","time":"2017-07-15T13:56:31.828Z","v":0}
{"name":"hexo","hostname":"zqhdeMacBook-Pro.local","pid":14859,"level":20,"msg":"Processed: \u001b[35msource/js/src/algolia-search.js\u001b[39m","time":"2017-07-15T13:56:31.828Z","v":0}
{"name":"hexo","hostname":"zqhdeMacBook-Pro.local","pid":14859,"level":20,"msg":"Processed: \u001b[35msource/js/src/bootstrap.js\u001b[39m","time":"2017-07-15T13:56:31.828Z","v":0}
{"name":"hexo","hostname":"zqhdeMacBook-Pro.local","pid":14859,"level":20,"msg":"Processed: \u001b[35msource/js/src/exturl.js\u001b[39m","time":"2017-07-15T13:56:31.829Z","v":0}
{"name":"hexo","hostname":"zqhdeMacBook-Pro.local","pid":14859,"level":20,"msg":"Processed: \u001b[35msource/js/src/hook-duoshuo.js\u001b[39m","time":"2017-07-15T13:56:31.830Z","v":0}
{"name":"hexo","hostname":"zqhdeMacBook-Pro.local","pid":14859,"level":20,"msg":"Processed: \u001b[35msource/js/src/js.cookie.js\u001b[39m","time":"2017-07-15T13:56:31.830Z","v":0}
{"name":"hexo","hostname":"zqhdeMacBook-Pro.local","pid":14859,"level":20,"msg":"Processed: \u001b[35msource/js/src/motion.js\u001b[39m","time":"2017-07-15T13:56:31.830Z","v":0}
{"name":"hexo","hostname":"zqhdeMacBook-Pro.local","pid":14859,"level":20,"msg":"Processed: \u001b[35msource/js/src/post-details.js\u001b[39m","time":"2017-07-15T13:56:31.830Z","v":0}
{"name":"hexo","hostname":"zqhdeMacBook-Pro.local","pid":14859,"level":20,"msg":"Processed: \u001b[35msource/js/src/scroll-cookie.js\u001b[39m","time":"2017-07-15T13:56:31.831Z","v":0}
{"name":"hexo","hostname":"zqhdeMacBook-Pro.local","pid":14859,"level":20,"msg":"Processed: \u001b[35msource/js/src/scrollspy.js\u001b[39m","time":"2017-07-15T13:56:31.831Z","v":0}
{"name":"hexo","hostname":"zqhdeMacBook-Pro.local","pid":14859,"level":20,"msg":"Processed: \u001b[35msource/js/src/utils.js\u001b[39m","time":"2017-07-15T13:56:31.831Z","v":0}
{"name":"hexo","hostname":"zqhdeMacBook-Pro.local","pid":14859,"level":20,"msg":"Processed: \u001b[35msource/lib/algolia-instant-search/instantsearch.min.css\u001b[39m","time":"2017-07-15T13:56:31.831Z","v":0}
{"name":"hexo","hostname":"zqhdeMacBook-Pro.local","pid":14859,"level":20,"msg":"Processed: \u001b[35msource/lib/canvas-nest/canvas-nest.min.js\u001b[39m","time":"2017-07-15T13:56:31.831Z","v":0}
{"name":"hexo","hostname":"zqhdeMacBook-Pro.local","pid":14859,"level":20,"msg":"Processed: \u001b[35msource/lib/canvas-ribbon/canvas-ribbon.js\u001b[39m","time":"2017-07-15T13:56:31.832Z","v":0}
{"name":"hexo","hostname":"zqhdeMacBook-Pro.local","pid":14859,"level":20,"msg":"Processed: \u001b[35msource/lib/fastclick/LICENSE\u001b[39m","time":"2017-07-15T13:56:31.832Z","v":0}
{"name":"hexo","hostname":"zqhdeMacBook-Pro.local","pid":14859,"level":20,"msg":"Processed: \u001b[35msource/lib/fastclick/README.md\u001b[39m","time":"2017-07-15T13:56:31.832Z","v":0}
{"name":"hexo","hostname":"zqhdeMacBook-Pro.local","pid":14859,"level":20,"msg":"Processed: \u001b[35msource/lib/fastclick/bower.json\u001b[39m","time":"2017-07-15T13:56:31.832Z","v":0}
{"name":"hexo","hostname":"zqhdeMacBook-Pro.local","pid":14859,"level":20,"msg":"Processed: \u001b[35msource/lib/font-awesome/HELP-US-OUT.txt\u001b[39m","time":"2017-07-15T13:56:31.832Z","v":0}
{"name":"hexo","hostname":"zqhdeMacBook-Pro.local","pid":14859,"level":20,"msg":"Processed: \u001b[35msource/lib/font-awesome/bower.json\u001b[39m","time":"2017-07-15T13:56:31.833Z","v":0}
{"name":"hexo","hostname":"zqhdeMacBook-Pro.local","pid":14859,"level":20,"msg":"Processed: \u001b[35msource/lib/jquery_lazyload/CONTRIBUTING.md\u001b[39m","time":"2017-07-15T13:56:31.833Z","v":0}
{"name":"hexo","hostname":"zqhdeMacBook-Pro.local","pid":14859,"level":20,"msg":"Processed: \u001b[35msource/lib/jquery_lazyload/README.md\u001b[39m","time":"2017-07-15T13:56:31.833Z","v":0}
{"name":"hexo","hostname":"zqhdeMacBook-Pro.local","pid":14859,"level":20,"msg":"Processed: \u001b[35msource/lib/jquery_lazyload/bower.json\u001b[39m","time":"2017-07-15T13:56:31.833Z","v":0}
{"name":"hexo","hostname":"zqhdeMacBook-Pro.local","pid":14859,"level":20,"msg":"Processed: \u001b[35msource/lib/jquery_lazyload/jquery.lazyload.js\u001b[39m","time":"2017-07-15T13:56:31.833Z","v":0}
{"name":"hexo","hostname":"zqhdeMacBook-Pro.local","pid":14859,"level":20,"msg":"Processed: \u001b[35msource/lib/jquery_lazyload/jquery.scrollstop.js\u001b[39m","time":"2017-07-15T13:56:31.833Z","v":0}
{"name":"hexo","hostname":"zqhdeMacBook-Pro.local","pid":14859,"level":20,"msg":"Processed: \u001b[35msource/lib/pace/pace-theme-barber-shop.min.css\u001b[39m","time":"2017-07-15T13:56:31.833Z","v":0}
{"name":"hexo","hostname":"zqhdeMacBook-Pro.local","pid":14859,"level":20,"msg":"Processed: \u001b[35msource/lib/pace/pace-theme-big-counter.min.css\u001b[39m","time":"2017-07-15T13:56:31.834Z","v":0}
{"name":"hexo","hostname":"zqhdeMacBook-Pro.local","pid":14859,"level":20,"msg":"Processed: \u001b[35msource/lib/pace/pace-theme-bounce.min.css\u001b[39m","time":"2017-07-15T13:56:31.834Z","v":0}
{"name":"hexo","hostname":"zqhdeMacBook-Pro.local","pid":14859,"level":20,"msg":"Processed: \u001b[35msource/lib/pace/pace-theme-center-atom.min.css\u001b[39m","time":"2017-07-15T13:56:31.834Z","v":0}
{"name":"hexo","hostname":"zqhdeMacBook-Pro.local","pid":14859,"level":20,"msg":"Processed: \u001b[35msource/lib/pace/pace-theme-center-circle.min.css\u001b[39m","time":"2017-07-15T13:56:31.834Z","v":0}
{"name":"hexo","hostname":"zqhdeMacBook-Pro.local","pid":14859,"level":20,"msg":"Processed: \u001b[35msource/lib/pace/pace-theme-center-radar.min.css\u001b[39m","time":"2017-07-15T13:56:31.834Z","v":0}
{"name":"hexo","hostname":"zqhdeMacBook-Pro.local","pid":14859,"level":20,"msg":"Processed: \u001b[35msource/lib/pace/pace-theme-center-simple.min.css\u001b[39m","time":"2017-07-15T13:56:31.834Z","v":0}
{"name":"hexo","hostname":"zqhdeMacBook-Pro.local","pid":14859,"level":20,"msg":"Processed: \u001b[35msource/lib/pace/pace-theme-corner-indicator.min.css\u001b[39m","time":"2017-07-15T13:56:31.834Z","v":0}
{"name":"hexo","hostname":"zqhdeMacBook-Pro.local","pid":14859,"level":20,"msg":"Processed: \u001b[35msource/lib/pace/pace-theme-fill-left.min.css\u001b[39m","time":"2017-07-15T13:56:31.834Z","v":0}
{"name":"hexo","hostname":"zqhdeMacBook-Pro.local","pid":14859,"level":20,"msg":"Processed: \u001b[35msource/lib/pace/pace-theme-flash.min.css\u001b[39m","time":"2017-07-15T13:56:31.834Z","v":0}
{"name":"hexo","hostname":"zqhdeMacBook-Pro.local","pid":14859,"level":20,"msg":"Processed: \u001b[35msource/lib/pace/pace-theme-loading-bar.min.css\u001b[39m","time":"2017-07-15T13:56:31.835Z","v":0}
{"name":"hexo","hostname":"zqhdeMacBook-Pro.local","pid":14859,"level":20,"msg":"Processed: \u001b[35msource/lib/pace/pace-theme-mac-osx.min.css\u001b[39m","time":"2017-07-15T13:56:31.835Z","v":0}
{"name":"hexo","hostname":"zqhdeMacBook-Pro.local","pid":14859,"level":20,"msg":"Processed: \u001b[35msource/lib/pace/pace-theme-minimal.min.css\u001b[39m","time":"2017-07-15T13:56:31.835Z","v":0}
{"name":"hexo","hostname":"zqhdeMacBook-Pro.local","pid":14859,"level":20,"msg":"Processed: \u001b[35msource/lib/pace/pace.min.js\u001b[39m","time":"2017-07-15T13:56:31.835Z","v":0}
{"name":"hexo","hostname":"zqhdeMacBook-Pro.local","pid":14859,"level":20,"msg":"Processed: \u001b[35msource/lib/three/canvas_lines.min.js\u001b[39m","time":"2017-07-15T13:56:31.835Z","v":0}
{"name":"hexo","hostname":"zqhdeMacBook-Pro.local","pid":14859,"level":20,"msg":"Processed: \u001b[35msource/lib/three/canvas_sphere.min.js\u001b[39m","time":"2017-07-15T13:56:31.835Z","v":0}
{"name":"hexo","hostname":"zqhdeMacBook-Pro.local","pid":14859,"level":20,"msg":"Processed: \u001b[35msource/lib/three/three-waves.min.js\u001b[39m","time":"2017-07-15T13:56:31.835Z","v":0}
{"name":"hexo","hostname":"zqhdeMacBook-Pro.local","pid":14859,"level":20,"msg":"Processed: \u001b[35msource/lib/velocity/bower.json\u001b[39m","time":"2017-07-15T13:56:31.836Z","v":0}
{"name":"hexo","hostname":"zqhdeMacBook-Pro.local","pid":14859,"level":20,"msg":"Processed: \u001b[35msource/lib/velocity/velocity.min.js\u001b[39m","time":"2017-07-15T13:56:31.836Z","v":0}
{"name":"hexo","hostname":"zqhdeMacBook-Pro.local","pid":14859,"level":20,"msg":"Processed: \u001b[35msource/lib/velocity/velocity.ui.js\u001b[39m","time":"2017-07-15T13:56:31.836Z","v":0}
{"name":"hexo","hostname":"zqhdeMacBook-Pro.local","pid":14859,"level":20,"msg":"Processed: \u001b[35msource/lib/velocity/velocity.ui.min.js\u001b[39m","time":"2017-07-15T13:56:31.836Z","v":0}
{"name":"hexo","hostname":"zqhdeMacBook-Pro.local","pid":14859,"level":20,"msg":"Processed: \u001b[35mlayout/_custom/header.swig\u001b[39m","time":"2017-07-15T13:56:31.894Z","v":0}
{"name":"hexo","hostname":"zqhdeMacBook-Pro.local","pid":14859,"level":20,"msg":"Processed: \u001b[35mlayout/_custom/sidebar.swig\u001b[39m","time":"2017-07-15T13:56:31.894Z","v":0}
{"name":"hexo","hostname":"zqhdeMacBook-Pro.local","pid":14859,"level":20,"msg":"Processed: \u001b[35mlayout/_macro/post-collapse.swig\u001b[39m","time":"2017-07-15T13:56:31.894Z","v":0}
{"name":"hexo","hostname":"zqhdeMacBook-Pro.local","pid":14859,"level":20,"msg":"Processed: \u001b[35mlayout/_macro/post-copyright.swig\u001b[39m","time":"2017-07-15T13:56:31.894Z","v":0}
{"name":"hexo","hostname":"zqhdeMacBook-Pro.local","pid":14859,"level":20,"msg":"Processed: \u001b[35mlayout/_macro/post.swig\u001b[39m","time":"2017-07-15T13:56:31.894Z","v":0}
{"name":"hexo","hostname":"zqhdeMacBook-Pro.local","pid":14859,"level":20,"msg":"Processed: \u001b[35mlayout/_macro/reward.swig\u001b[39m","time":"2017-07-15T13:56:31.894Z","v":0}
{"name":"hexo","hostname":"zqhdeMacBook-Pro.local","pid":14859,"level":20,"msg":"Processed: \u001b[35mlayout/_macro/sidebar.swig\u001b[39m","time":"2017-07-15T13:56:31.895Z","v":0}
{"name":"hexo","hostname":"zqhdeMacBook-Pro.local","pid":14859,"level":20,"msg":"Processed: \u001b[35mlayout/_macro/wechat-subscriber.swig\u001b[39m","time":"2017-07-15T13:56:31.895Z","v":0}
{"name":"hexo","hostname":"zqhdeMacBook-Pro.local","pid":14859,"level":20,"msg":"Processed: \u001b[35mlayout/_scripts/boostrap.swig\u001b[39m","time":"2017-07-15T13:56:31.895Z","v":0}
{"name":"hexo","hostname":"zqhdeMacBook-Pro.local","pid":14859,"level":20,"msg":"Processed: \u001b[35mlayout/_scripts/commons.swig\u001b[39m","time":"2017-07-15T13:56:31.895Z","v":0}
{"name":"hexo","hostname":"zqhdeMacBook-Pro.local","pid":14859,"level":20,"msg":"Processed: \u001b[35mlayout/_scripts/vendors.swig\u001b[39m","time":"2017-07-15T13:56:31.895Z","v":0}
{"name":"hexo","hostname":"zqhdeMacBook-Pro.local","pid":14859,"level":20,"msg":"Processed: \u001b[35mlayout/_partials/comments.swig\u001b[39m","time":"2017-07-15T13:56:31.895Z","v":0}
{"name":"hexo","hostname":"zqhdeMacBook-Pro.local","pid":14859,"level":20,"msg":"Processed: \u001b[35mlayout/_partials/footer.swig\u001b[39m","time":"2017-07-15T13:56:31.895Z","v":0}
{"name":"hexo","hostname":"zqhdeMacBook-Pro.local","pid":14859,"level":20,"msg":"Processed: \u001b[35mlayout/_partials/head.swig\u001b[39m","time":"2017-07-15T13:56:31.895Z","v":0}
{"name":"hexo","hostname":"zqhdeMacBook-Pro.local","pid":14859,"level":20,"msg":"Processed: \u001b[35mlayout/_partials/header.swig\u001b[39m","time":"2017-07-15T13:56:31.895Z","v":0}
{"name":"hexo","hostname":"zqhdeMacBook-Pro.local","pid":14859,"level":20,"msg":"Processed: \u001b[35mlayout/_partials/page-header.swig\u001b[39m","time":"2017-07-15T13:56:31.895Z","v":0}
{"name":"hexo","hostname":"zqhdeMacBook-Pro.local","pid":14859,"level":20,"msg":"Processed: \u001b[35mlayout/_partials/pagination.swig\u001b[39m","time":"2017-07-15T13:56:31.895Z","v":0}
{"name":"hexo","hostname":"zqhdeMacBook-Pro.local","pid":14859,"level":20,"msg":"Processed: \u001b[35mlayout/_partials/search.swig\u001b[39m","time":"2017-07-15T13:56:31.895Z","v":0}
{"name":"hexo","hostname":"zqhdeMacBook-Pro.local","pid":14859,"level":20,"msg":"Processed: \u001b[35mlayout/_third-party/duoshuo-hot-articles.swig\u001b[39m","time":"2017-07-15T13:56:31.895Z","v":0}
{"name":"hexo","hostname":"zqhdeMacBook-Pro.local","pid":14859,"level":20,"msg":"Processed: \u001b[35mlayout/_third-party/exturl.swig\u001b[39m","time":"2017-07-15T13:56:31.895Z","v":0}
{"name":"hexo","hostname":"zqhdeMacBook-Pro.local","pid":14859,"level":20,"msg":"Processed: \u001b[35mlayout/_third-party/mathjax.swig\u001b[39m","time":"2017-07-15T13:56:31.896Z","v":0}
{"name":"hexo","hostname":"zqhdeMacBook-Pro.local","pid":14859,"level":20,"msg":"Processed: \u001b[35mlayout/_third-party/rating.swig\u001b[39m","time":"2017-07-15T13:56:31.896Z","v":0}
{"name":"hexo","hostname":"zqhdeMacBook-Pro.local","pid":14859,"level":20,"msg":"Processed: \u001b[35mlayout/_third-party/schedule.swig\u001b[39m","time":"2017-07-15T13:56:31.896Z","v":0}
{"name":"hexo","hostname":"zqhdeMacBook-Pro.local","pid":14859,"level":20,"msg":"Processed: \u001b[35mlayout/_third-party/scroll-cookie.swig\u001b[39m","time":"2017-07-15T13:56:31.896Z","v":0}
{"name":"hexo","hostname":"zqhdeMacBook-Pro.local","pid":14859,"level":20,"msg":"Processed: \u001b[35msource/lib/jquery/index.js\u001b[39m","time":"2017-07-15T13:56:31.896Z","v":0}
{"name":"hexo","hostname":"zqhdeMacBook-Pro.local","pid":14859,"level":20,"msg":"Processed: \u001b[35mlayout/_scripts/schemes/mist.swig\u001b[39m","time":"2017-07-15T13:56:31.901Z","v":0}
{"name":"hexo","hostname":"zqhdeMacBook-Pro.local","pid":14859,"level":20,"msg":"Processed: \u001b[35mlayout/_scripts/schemes/muse.swig\u001b[39m","time":"2017-07-15T13:56:31.901Z","v":0}
{"name":"hexo","hostname":"zqhdeMacBook-Pro.local","pid":14859,"level":20,"msg":"Processed: \u001b[35msource/js/src/schemes/pisces.js\u001b[39m","time":"2017-07-15T13:56:31.902Z","v":0}
{"name":"hexo","hostname":"zqhdeMacBook-Pro.local","pid":14859,"level":20,"msg":"Processed: \u001b[35msource/lib/Han/dist/han.min.js\u001b[39m","time":"2017-07-15T13:56:31.902Z","v":0}
{"name":"hexo","hostname":"zqhdeMacBook-Pro.local","pid":14859,"level":20,"msg":"Processed: \u001b[35msource/lib/Han/dist/han.min.css\u001b[39m","time":"2017-07-15T13:56:31.902Z","v":0}
{"name":"hexo","hostname":"zqhdeMacBook-Pro.local","pid":14859,"level":20,"msg":"Processed: \u001b[35msource/lib/fastclick/lib/fastclick.js\u001b[39m","time":"2017-07-15T13:56:31.904Z","v":0}
{"name":"hexo","hostname":"zqhdeMacBook-Pro.local","pid":14859,"level":20,"msg":"Processed: \u001b[35msource/lib/fastclick/lib/fastclick.min.js\u001b[39m","time":"2017-07-15T13:56:31.905Z","v":0}
{"name":"hexo","hostname":"zqhdeMacBook-Pro.local","pid":14859,"level":20,"msg":"Processed: \u001b[35msource/lib/fancybox/source/blank.gif\u001b[39m","time":"2017-07-15T13:56:31.905Z","v":0}
{"name":"hexo","hostname":"zqhdeMacBook-Pro.local","pid":14859,"level":20,"msg":"Processed: \u001b[35msource/lib/fancybox/source/fancybox_loading.gif\u001b[39m","time":"2017-07-15T13:56:31.905Z","v":0}
{"name":"hexo","hostname":"zqhdeMacBook-Pro.local","pid":14859,"level":20,"msg":"Processed: \u001b[35msource/lib/fancybox/source/fancybox_loading@2x.gif\u001b[39m","time":"2017-07-15T13:56:31.905Z","v":0}
{"name":"hexo","hostname":"zqhdeMacBook-Pro.local","pid":14859,"level":20,"msg":"Processed: \u001b[35msource/lib/fancybox/source/fancybox_overlay.png\u001b[39m","time":"2017-07-15T13:56:31.905Z","v":0}
{"name":"hexo","hostname":"zqhdeMacBook-Pro.local","pid":14859,"level":20,"msg":"Processed: \u001b[35msource/lib/fancybox/source/fancybox_sprite.png\u001b[39m","time":"2017-07-15T13:56:31.905Z","v":0}
{"name":"hexo","hostname":"zqhdeMacBook-Pro.local","pid":14859,"level":20,"msg":"Processed: \u001b[35msource/lib/fancybox/source/fancybox_sprite@2x.png\u001b[39m","time":"2017-07-15T13:56:31.905Z","v":0}
{"name":"hexo","hostname":"zqhdeMacBook-Pro.local","pid":14859,"level":20,"msg":"Processed: \u001b[35msource/lib/fancybox/source/jquery.fancybox.css\u001b[39m","time":"2017-07-15T13:56:31.906Z","v":0}
{"name":"hexo","hostname":"zqhdeMacBook-Pro.local","pid":14859,"level":20,"msg":"Processed: \u001b[35msource/lib/fancybox/source/jquery.fancybox.js\u001b[39m","time":"2017-07-15T13:56:31.906Z","v":0}
{"name":"hexo","hostname":"zqhdeMacBook-Pro.local","pid":14859,"level":20,"msg":"Processed: \u001b[35msource/lib/fancybox/source/jquery.fancybox.pack.js\u001b[39m","time":"2017-07-15T13:56:31.906Z","v":0}
{"name":"hexo","hostname":"zqhdeMacBook-Pro.local","pid":14859,"level":20,"msg":"Processed: \u001b[35msource/lib/font-awesome/css/font-awesome.css.map\u001b[39m","time":"2017-07-15T13:56:31.906Z","v":0}
{"name":"hexo","hostname":"zqhdeMacBook-Pro.local","pid":14859,"level":20,"msg":"Processed: \u001b[35msource/lib/font-awesome/css/font-awesome.min.css\u001b[39m","time":"2017-07-15T13:56:31.906Z","v":0}
{"name":"hexo","hostname":"zqhdeMacBook-Pro.local","pid":14859,"level":20,"msg":"Processed: \u001b[35msource/lib/font-awesome/css/font-awesome.css\u001b[39m","time":"2017-07-15T13:56:31.907Z","v":0}
{"name":"hexo","hostname":"zqhdeMacBook-Pro.local","pid":14859,"level":20,"msg":"Processed: \u001b[35msource/lib/ua-parser-js/dist/ua-parser.min.js\u001b[39m","time":"2017-07-15T13:56:31.907Z","v":0}
{"name":"hexo","hostname":"zqhdeMacBook-Pro.local","pid":14859,"level":20,"msg":"Processed: \u001b[35msource/lib/ua-parser-js/dist/ua-parser.pack.js\u001b[39m","time":"2017-07-15T13:56:31.907Z","v":0}
{"name":"hexo","hostname":"zqhdeMacBook-Pro.local","pid":14859,"level":20,"msg":"Processed: \u001b[35mlayout/_scripts/pages/post-details.swig\u001b[39m","time":"2017-07-15T13:56:31.928Z","v":0}
{"name":"hexo","hostname":"zqhdeMacBook-Pro.local","pid":14859,"level":20,"msg":"Processed: \u001b[35mlayout/_scripts/schemes/pisces.swig\u001b[39m","time":"2017-07-15T13:56:31.929Z","v":0}
{"name":"hexo","hostname":"zqhdeMacBook-Pro.local","pid":14859,"level":20,"msg":"Processed: \u001b[35mlayout/_partials/head/external-fonts.swig\u001b[39m","time":"2017-07-15T13:56:31.929Z","v":0}
{"name":"hexo","hostname":"zqhdeMacBook-Pro.local","pid":14859,"level":20,"msg":"Processed: \u001b[35mlayout/_partials/head/custom-head.swig\u001b[39m","time":"2017-07-15T13:56:31.929Z","v":0}
{"name":"hexo","hostname":"zqhdeMacBook-Pro.local","pid":14859,"level":20,"msg":"Processed: \u001b[35mlayout/_partials/search/localsearch.swig\u001b[39m","time":"2017-07-15T13:56:31.929Z","v":0}
{"name":"hexo","hostname":"zqhdeMacBook-Pro.local","pid":14859,"level":20,"msg":"Processed: \u001b[35mlayout/_partials/search/swiftype.swig\u001b[39m","time":"2017-07-15T13:56:31.929Z","v":0}
{"name":"hexo","hostname":"zqhdeMacBook-Pro.local","pid":14859,"level":20,"msg":"Processed: \u001b[35mlayout/_partials/search/tinysou.swig\u001b[39m","time":"2017-07-15T13:56:31.929Z","v":0}
{"name":"hexo","hostname":"zqhdeMacBook-Pro.local","pid":14859,"level":20,"msg":"Processed: \u001b[35mlayout/_partials/share/add-this.swig\u001b[39m","time":"2017-07-15T13:56:31.929Z","v":0}
{"name":"hexo","hostname":"zqhdeMacBook-Pro.local","pid":14859,"level":20,"msg":"Processed: \u001b[35mlayout/_partials/share/baidushare.swig\u001b[39m","time":"2017-07-15T13:56:31.929Z","v":0}
{"name":"hexo","hostname":"zqhdeMacBook-Pro.local","pid":14859,"level":20,"msg":"Processed: \u001b[35mlayout/_partials/share/duoshuo_share.swig\u001b[39m","time":"2017-07-15T13:56:31.929Z","v":0}
{"name":"hexo","hostname":"zqhdeMacBook-Pro.local","pid":14859,"level":20,"msg":"Processed: \u001b[35mlayout/_partials/share/jiathis.swig\u001b[39m","time":"2017-07-15T13:56:31.929Z","v":0}
{"name":"hexo","hostname":"zqhdeMacBook-Pro.local","pid":14859,"level":20,"msg":"Processed: \u001b[35mlayout/_third-party/analytics/application-insights.swig\u001b[39m","time":"2017-07-15T13:56:31.929Z","v":0}
{"name":"hexo","hostname":"zqhdeMacBook-Pro.local","pid":14859,"level":20,"msg":"Processed: \u001b[35mlayout/_third-party/analytics/baidu-analytics.swig\u001b[39m","time":"2017-07-15T13:56:31.929Z","v":0}
{"name":"hexo","hostname":"zqhdeMacBook-Pro.local","pid":14859,"level":20,"msg":"Processed: \u001b[35mlayout/_third-party/analytics/busuanzi-counter.swig\u001b[39m","time":"2017-07-15T13:56:31.929Z","v":0}
{"name":"hexo","hostname":"zqhdeMacBook-Pro.local","pid":14859,"level":20,"msg":"Processed: \u001b[35mlayout/_third-party/analytics/cnzz-analytics.swig\u001b[39m","time":"2017-07-15T13:56:31.929Z","v":0}
{"name":"hexo","hostname":"zqhdeMacBook-Pro.local","pid":14859,"level":20,"msg":"Processed: \u001b[35mlayout/_third-party/analytics/facebook-sdk.swig\u001b[39m","time":"2017-07-15T13:56:31.929Z","v":0}
{"name":"hexo","hostname":"zqhdeMacBook-Pro.local","pid":14859,"level":20,"msg":"Processed: \u001b[35mlayout/_third-party/analytics/google-analytics.swig\u001b[39m","time":"2017-07-15T13:56:31.929Z","v":0}
{"name":"hexo","hostname":"zqhdeMacBook-Pro.local","pid":14859,"level":20,"msg":"Processed: \u001b[35mlayout/_third-party/analytics/index.swig\u001b[39m","time":"2017-07-15T13:56:31.929Z","v":0}
{"name":"hexo","hostname":"zqhdeMacBook-Pro.local","pid":14859,"level":20,"msg":"Processed: \u001b[35mlayout/_third-party/analytics/lean-analytics.swig\u001b[39m","time":"2017-07-15T13:56:31.929Z","v":0}
{"name":"hexo","hostname":"zqhdeMacBook-Pro.local","pid":14859,"level":20,"msg":"Processed: \u001b[35mlayout/_third-party/analytics/tencent-analytics.swig\u001b[39m","time":"2017-07-15T13:56:31.929Z","v":0}
{"name":"hexo","hostname":"zqhdeMacBook-Pro.local","pid":14859,"level":20,"msg":"Processed: \u001b[35mlayout/_third-party/analytics/tencent-mta.swig\u001b[39m","time":"2017-07-15T13:56:31.929Z","v":0}
{"name":"hexo","hostname":"zqhdeMacBook-Pro.local","pid":14859,"level":20,"msg":"Processed: \u001b[35mlayout/_third-party/analytics/vkontakte-api.swig\u001b[39m","time":"2017-07-15T13:56:31.929Z","v":0}
{"name":"hexo","hostname":"zqhdeMacBook-Pro.local","pid":14859,"level":20,"msg":"Processed: \u001b[35mlayout/_third-party/comments/changyan.swig\u001b[39m","time":"2017-07-15T13:56:31.929Z","v":0}
{"name":"hexo","hostname":"zqhdeMacBook-Pro.local","pid":14859,"level":20,"msg":"Processed: \u001b[35mlayout/_third-party/comments/disqus.swig\u001b[39m","time":"2017-07-15T13:56:31.929Z","v":0}
{"name":"hexo","hostname":"zqhdeMacBook-Pro.local","pid":14859,"level":20,"msg":"Processed: \u001b[35mlayout/_third-party/comments/duoshuo.swig\u001b[39m","time":"2017-07-15T13:56:31.929Z","v":0}
{"name":"hexo","hostname":"zqhdeMacBook-Pro.local","pid":14859,"level":20,"msg":"Processed: \u001b[35mlayout/_third-party/comments/hypercomments.swig\u001b[39m","time":"2017-07-15T13:56:31.929Z","v":0}
{"name":"hexo","hostname":"zqhdeMacBook-Pro.local","pid":14859,"level":20,"msg":"Processed: \u001b[35mlayout/_third-party/comments/index.swig\u001b[39m","time":"2017-07-15T13:56:31.929Z","v":0}
{"name":"hexo","hostname":"zqhdeMacBook-Pro.local","pid":14859,"level":20,"msg":"Processed: \u001b[35mlayout/_third-party/comments/livere.swig\u001b[39m","time":"2017-07-15T13:56:31.929Z","v":0}
{"name":"hexo","hostname":"zqhdeMacBook-Pro.local","pid":14859,"level":20,"msg":"Processed: \u001b[35mlayout/_third-party/comments/youyan.swig\u001b[39m","time":"2017-07-15T13:56:31.929Z","v":0}
{"name":"hexo","hostname":"zqhdeMacBook-Pro.local","pid":14859,"level":20,"msg":"Processed: \u001b[35mlayout/_third-party/search/index.swig\u001b[39m","time":"2017-07-15T13:56:31.930Z","v":0}
{"name":"hexo","hostname":"zqhdeMacBook-Pro.local","pid":14859,"level":20,"msg":"Processed: \u001b[35mlayout/_third-party/search/localsearch.swig\u001b[39m","time":"2017-07-15T13:56:31.930Z","v":0}
{"name":"hexo","hostname":"zqhdeMacBook-Pro.local","pid":14859,"level":20,"msg":"Processed: \u001b[35mlayout/_third-party/search/tinysou.swig\u001b[39m","time":"2017-07-15T13:56:31.930Z","v":0}
{"name":"hexo","hostname":"zqhdeMacBook-Pro.local","pid":14859,"level":20,"msg":"Processed: \u001b[35mlayout/_third-party/seo/baidu-push.swig\u001b[39m","time":"2017-07-15T13:56:31.930Z","v":0}
{"name":"hexo","hostname":"zqhdeMacBook-Pro.local","pid":14859,"level":20,"msg":"Processed: \u001b[35msource/lib/Han/dist/han.css\u001b[39m","time":"2017-07-15T13:56:31.931Z","v":0}
{"name":"hexo","hostname":"zqhdeMacBook-Pro.local","pid":14859,"level":20,"msg":"Processed: \u001b[35msource/lib/Han/dist/han.js\u001b[39m","time":"2017-07-15T13:56:31.931Z","v":0}
{"name":"hexo","hostname":"zqhdeMacBook-Pro.local","pid":14859,"level":20,"msg":"Processed: \u001b[35msource/lib/font-awesome/fonts/fontawesome-webfont.woff\u001b[39m","time":"2017-07-15T13:56:31.932Z","v":0}
{"name":"hexo","hostname":"zqhdeMacBook-Pro.local","pid":14859,"level":20,"msg":"Processed: \u001b[35msource/lib/font-awesome/fonts/fontawesome-webfont.woff2\u001b[39m","time":"2017-07-15T13:56:31.932Z","v":0}
{"name":"hexo","hostname":"zqhdeMacBook-Pro.local","pid":14859,"level":20,"msg":"Processed: \u001b[35msource/lib/velocity/velocity.js\u001b[39m","time":"2017-07-15T13:56:31.932Z","v":0}
{"name":"hexo","hostname":"zqhdeMacBook-Pro.local","pid":14859,"level":20,"msg":"Processed: \u001b[35msource/lib/Han/dist/font/han-space.otf\u001b[39m","time":"2017-07-15T13:56:31.937Z","v":0}
{"name":"hexo","hostname":"zqhdeMacBook-Pro.local","pid":14859,"level":20,"msg":"Processed: \u001b[35msource/lib/Han/dist/font/han-space.woff\u001b[39m","time":"2017-07-15T13:56:31.938Z","v":0}
{"name":"hexo","hostname":"zqhdeMacBook-Pro.local","pid":14859,"level":20,"msg":"Processed: \u001b[35msource/lib/Han/dist/font/han.otf\u001b[39m","time":"2017-07-15T13:56:31.938Z","v":0}
{"name":"hexo","hostname":"zqhdeMacBook-Pro.local","pid":14859,"level":20,"msg":"Processed: \u001b[35msource/lib/Han/dist/font/han.woff\u001b[39m","time":"2017-07-15T13:56:31.938Z","v":0}
{"name":"hexo","hostname":"zqhdeMacBook-Pro.local","pid":14859,"level":20,"msg":"Processed: \u001b[35msource/lib/fancybox/source/helpers/fancybox_buttons.png\u001b[39m","time":"2017-07-15T13:56:31.938Z","v":0}
{"name":"hexo","hostname":"zqhdeMacBook-Pro.local","pid":14859,"level":20,"msg":"Processed: \u001b[35msource/lib/fancybox/source/helpers/jquery.fancybox-buttons.css\u001b[39m","time":"2017-07-15T13:56:31.938Z","v":0}
{"name":"hexo","hostname":"zqhdeMacBook-Pro.local","pid":14859,"level":20,"msg":"Processed: \u001b[35msource/lib/fancybox/source/helpers/jquery.fancybox-buttons.js\u001b[39m","time":"2017-07-15T13:56:31.938Z","v":0}
{"name":"hexo","hostname":"zqhdeMacBook-Pro.local","pid":14859,"level":20,"msg":"Processed: \u001b[35msource/lib/fancybox/source/helpers/jquery.fancybox-media.js\u001b[39m","time":"2017-07-15T13:56:31.939Z","v":0}
{"name":"hexo","hostname":"zqhdeMacBook-Pro.local","pid":14859,"level":20,"msg":"Processed: \u001b[35msource/lib/fancybox/source/helpers/jquery.fancybox-thumbs.css\u001b[39m","time":"2017-07-15T13:56:31.939Z","v":0}
{"name":"hexo","hostname":"zqhdeMacBook-Pro.local","pid":14859,"level":20,"msg":"Processed: \u001b[35msource/lib/fancybox/source/helpers/jquery.fancybox-thumbs.js\u001b[39m","time":"2017-07-15T13:56:31.939Z","v":0}
{"name":"hexo","hostname":"zqhdeMacBook-Pro.local","pid":14859,"level":20,"msg":"Processed: \u001b[35msource/lib/font-awesome/fonts/FontAwesome.otf\u001b[39m","time":"2017-07-15T13:56:31.939Z","v":0}
{"name":"hexo","hostname":"zqhdeMacBook-Pro.local","pid":14859,"level":20,"msg":"Processed: \u001b[35msource/lib/font-awesome/fonts/fontawesome-webfont.eot\u001b[39m","time":"2017-07-15T13:56:31.940Z","v":0}
{"name":"hexo","hostname":"zqhdeMacBook-Pro.local","pid":14859,"level":20,"msg":"Processed: \u001b[35msource/lib/font-awesome/fonts/fontawesome-webfont.ttf\u001b[39m","time":"2017-07-15T13:56:31.940Z","v":0}
{"name":"hexo","hostname":"zqhdeMacBook-Pro.local","pid":14859,"level":20,"msg":"Processed: \u001b[35mlayout/_third-party/search/algolia-search/assets.swig\u001b[39m","time":"2017-07-15T13:56:31.944Z","v":0}
{"name":"hexo","hostname":"zqhdeMacBook-Pro.local","pid":14859,"level":20,"msg":"Processed: \u001b[35mlayout/_third-party/search/algolia-search/dom.swig\u001b[39m","time":"2017-07-15T13:56:31.944Z","v":0}
{"name":"hexo","hostname":"zqhdeMacBook-Pro.local","pid":14859,"level":20,"msg":"Processed: \u001b[35msource/lib/algolia-instant-search/instantsearch.min.js\u001b[39m","time":"2017-07-15T13:56:31.945Z","v":0}
{"name":"hexo","hostname":"zqhdeMacBook-Pro.local","pid":14859,"level":20,"msg":"Processed: \u001b[35msource/lib/three/three.min.js\u001b[39m","time":"2017-07-15T13:56:31.946Z","v":0}
{"name":"hexo","hostname":"zqhdeMacBook-Pro.local","pid":14859,"level":20,"msg":"Processed: \u001b[35msource/lib/font-awesome/fonts/fontawesome-webfont.svg\u001b[39m","time":"2017-07-15T13:56:31.949Z","v":0}
{"name":"hexo","hostname":"zqhdeMacBook-Pro.local","pid":14859,"level":20,"msg":"Generator: \u001b[35mpage\u001b[39m","time":"2017-07-15T13:56:32.073Z","v":0}
{"name":"hexo","hostname":"zqhdeMacBook-Pro.local","pid":14859,"level":20,"msg":"Generator: \u001b[35mpost\u001b[39m","time":"2017-07-15T13:56:32.073Z","v":0}
{"name":"hexo","hostname":"zqhdeMacBook-Pro.local","pid":14859,"level":20,"msg":"Generator: \u001b[35mcategory\u001b[39m","time":"2017-07-15T13:56:32.073Z","v":0}
{"name":"hexo","hostname":"zqhdeMacBook-Pro.local","pid":14859,"level":20,"msg":"Generator: \u001b[35marchive\u001b[39m","time":"2017-07-15T13:56:32.073Z","v":0}
{"name":"hexo","hostname":"zqhdeMacBook-Pro.local","pid":14859,"level":20,"msg":"Generator: \u001b[35mindex\u001b[39m","time":"2017-07-15T13:56:32.073Z","v":0}
{"name":"hexo","hostname":"zqhdeMacBook-Pro.local","pid":14859,"level":20,"msg":"Generator: \u001b[35mtag\u001b[39m","time":"2017-07-15T13:56:32.073Z","v":0}
{"name":"hexo","hostname":"zqhdeMacBook-Pro.local","pid":14859,"level":20,"msg":"Generator: \u001b[35masset\u001b[39m","time":"2017-07-15T13:56:32.075Z","v":0}
{"name":"hexo","hostname":"zqhdeMacBook-Pro.local","pid":14859,"level":30,"msg":"Hexo is running at \u001b[4mhttp://localhost:4000/\u001b[24m. Press Ctrl+C to stop.","time":"2017-07-15T13:56:32.086Z","v":0}
{"name":"hexo","hostname":"zqhdeMacBook-Pro.local","pid":14859,"level":20,"msg":"Database saved","time":"2017-07-15T13:56:32.112Z","v":0}
{"name":"hexo","hostname":"zqhdeMacBook-Pro.local","pid":14859,"level":20,"msg":"Rendering index: \u001b[35mindex.html\u001b[39m","time":"2017-07-15T13:57:14.695Z","v":0}
{"name":"hexo","hostname":"zqhdeMacBook-Pro.local","pid":14859,"level":20,"msg":"Rendering index: \u001b[35mindex.html\u001b[39m","time":"2017-07-15T13:57:41.930Z","v":0}
{"name":"hexo","hostname":"zqhdeMacBook-Pro.local","pid":14859,"level":20,"msg":"Rendering index: \u001b[35mindex.html\u001b[39m","time":"2017-07-15T13:58:43.034Z","v":0}
{"name":"hexo","hostname":"zqhdeMacBook-Pro.local","pid":14859,"level":20,"msg":"Rendering archive: \u001b[35marchives/index.html\u001b[39m","time":"2017-07-15T13:58:45.216Z","v":0}
{"name":"hexo","hostname":"zqhdeMacBook-Pro.local","pid":14859,"level":30,"msg":"Bye!","time":"2017-07-15T14:00:03.983Z","v":0}
{"name":"hexo","hostname":"zqhdeMacBook-Pro.local","pid":14859,"level":20,"msg":"Database saved","time":"2017-07-15T14:00:04.008Z","v":0}
{"name":"hexo","hostname":"zqhdeMacBook-Pro.local","pid":14877,"level":20,"msg":"Hexo version: \u001b[35m3.3.7\u001b[39m","time":"2017-07-15T14:00:57.260Z","v":0}
{"name":"hexo","hostname":"zqhdeMacBook-Pro.local","pid":14877,"level":20,"msg":"Working directory: \u001b[35m~/Desktop/JokerZhengBlog/\u001b[39m","time":"2017-07-15T14:00:57.263Z","v":0}
{"name":"hexo","hostname":"zqhdeMacBook-Pro.local","pid":14877,"level":20,"msg":"Config loaded: \u001b[35m~/Desktop/JokerZhengBlog/_config.yml\u001b[39m","time":"2017-07-15T14:00:57.354Z","v":0}
{"name":"hexo","hostname":"zqhdeMacBook-Pro.local","pid":14877,"level":20,"msg":"Plugin loaded: \u001b[35mhexo-fs\u001b[39m","time":"2017-07-15T14:00:57.368Z","v":0}
{"name":"hexo","hostname":"zqhdeMacBook-Pro.local","pid":14877,"level":20,"msg":"Plugin loaded: \u001b[35mhexo-generator-archive\u001b[39m","time":"2017-07-15T14:00:57.370Z","v":0}
{"name":"hexo","hostname":"zqhdeMacBook-Pro.local","pid":14877,"level":20,"msg":"Plugin loaded: \u001b[35mhexo-generator-category\u001b[39m","time":"2017-07-15T14:00:57.371Z","v":0}
{"name":"hexo","hostname":"zqhdeMacBook-Pro.local","pid":14877,"level":20,"msg":"Plugin loaded: \u001b[35mhexo-generator-index\u001b[39m","time":"2017-07-15T14:00:57.373Z","v":0}
{"name":"hexo","hostname":"zqhdeMacBook-Pro.local","pid":14877,"level":20,"msg":"Plugin loaded: \u001b[35mhexo-generator-tag\u001b[39m","time":"2017-07-15T14:00:57.374Z","v":0}
{"name":"hexo","hostname":"zqhdeMacBook-Pro.local","pid":14877,"level":20,"msg":"Plugin loaded: \u001b[35mhexo-renderer-ejs\u001b[39m","time":"2017-07-15T14:00:57.376Z","v":0}
{"name":"hexo","hostname":"zqhdeMacBook-Pro.local","pid":14877,"level":20,"msg":"Plugin loaded: \u001b[35mhexo-renderer-marked\u001b[39m","time":"2017-07-15T14:00:57.380Z","v":0}
{"name":"hexo","hostname":"zqhdeMacBook-Pro.local","pid":14877,"level":20,"msg":"Plugin loaded: \u001b[35mhexo-renderer-stylus\u001b[39m","time":"2017-07-15T14:00:57.381Z","v":0}
{"name":"hexo","hostname":"zqhdeMacBook-Pro.local","pid":14877,"level":20,"msg":"Plugin loaded: \u001b[35mhexo-server\u001b[39m","time":"2017-07-15T14:00:57.431Z","v":0}
{"name":"hexo","hostname":"zqhdeMacBook-Pro.local","pid":14877,"level":20,"msg":"Script loaded: \u001b[35mthemes/next/scripts/merge-configs.js\u001b[39m","time":"2017-07-15T14:00:57.434Z","v":0}
{"name":"hexo","hostname":"zqhdeMacBook-Pro.local","pid":14877,"level":20,"msg":"Script loaded: \u001b[35mthemes/next/scripts/merge.js\u001b[39m","time":"2017-07-15T14:00:57.437Z","v":0}
{"name":"hexo","hostname":"zqhdeMacBook-Pro.local","pid":14877,"level":20,"msg":"Script loaded: \u001b[35mthemes/next/scripts/tags/button.js\u001b[39m","time":"2017-07-15T14:00:57.437Z","v":0}
{"name":"hexo","hostname":"zqhdeMacBook-Pro.local","pid":14877,"level":20,"msg":"Script loaded: \u001b[35mthemes/next/scripts/tags/center-quote.js\u001b[39m","time":"2017-07-15T14:00:57.437Z","v":0}
{"name":"hexo","hostname":"zqhdeMacBook-Pro.local","pid":14877,"level":20,"msg":"Script loaded: \u001b[35mthemes/next/scripts/tags/exturl.js\u001b[39m","time":"2017-07-15T14:00:57.438Z","v":0}
{"name":"hexo","hostname":"zqhdeMacBook-Pro.local","pid":14877,"level":20,"msg":"Script loaded: \u001b[35mthemes/next/scripts/tags/full-image.js\u001b[39m","time":"2017-07-15T14:00:57.438Z","v":0}
{"name":"hexo","hostname":"zqhdeMacBook-Pro.local","pid":14877,"level":20,"msg":"Script loaded: \u001b[35mthemes/next/scripts/tags/group-pictures.js\u001b[39m","time":"2017-07-15T14:00:57.439Z","v":0}
{"name":"hexo","hostname":"zqhdeMacBook-Pro.local","pid":14877,"level":20,"msg":"Script loaded: \u001b[35mthemes/next/scripts/tags/lazy-image.js\u001b[39m","time":"2017-07-15T14:00:57.439Z","v":0}
{"name":"hexo","hostname":"zqhdeMacBook-Pro.local","pid":14877,"level":20,"msg":"Script loaded: \u001b[35mthemes/next/scripts/tags/note.js\u001b[39m","time":"2017-07-15T14:00:57.439Z","v":0}
{"name":"hexo","hostname":"zqhdeMacBook-Pro.local","pid":14877,"level":20,"msg":"Loading database.","time":"2017-07-15T14:00:57.446Z","v":0}
{"name":"hexo","hostname":"zqhdeMacBook-Pro.local","pid":14877,"level":30,"msg":"Start processing","time":"2017-07-15T14:00:57.547Z","v":0}
{"name":"hexo","hostname":"zqhdeMacBook-Pro.local","pid":14877,"level":20,"msg":"Processed: \u001b[35m_posts/CocoaPods使用指南.md\u001b[39m","time":"2017-07-15T14:00:57.656Z","v":0}
{"name":"hexo","hostname":"zqhdeMacBook-Pro.local","pid":14877,"level":20,"msg":"Processed: \u001b[35m_posts/Markdown语法教程.md\u001b[39m","time":"2017-07-15T14:00:57.656Z","v":0}
{"name":"hexo","hostname":"zqhdeMacBook-Pro.local","pid":14877,"level":20,"msg":"Processed: \u001b[35m_posts/Markdown语法教程的副本 2.md\u001b[39m","time":"2017-07-15T14:00:57.656Z","v":0}
{"name":"hexo","hostname":"zqhdeMacBook-Pro.local","pid":14877,"level":20,"msg":"Processed: \u001b[35m_posts/Markdown语法教程的副本 3.md\u001b[39m","time":"2017-07-15T14:00:57.656Z","v":0}
{"name":"hexo","hostname":"zqhdeMacBook-Pro.local","pid":14877,"level":20,"msg":"Processed: \u001b[35m_posts/Markdown语法教程的副本 4.md\u001b[39m","time":"2017-07-15T14:00:57.656Z","v":0}
{"name":"hexo","hostname":"zqhdeMacBook-Pro.local","pid":14877,"level":20,"msg":"Processed: \u001b[35m_posts/Markdown语法教程的副本 5.md\u001b[39m","time":"2017-07-15T14:00:57.656Z","v":0}
{"name":"hexo","hostname":"zqhdeMacBook-Pro.local","pid":14877,"level":20,"msg":"Processed: \u001b[35m_posts/Markdown语法教程的副本 6.md\u001b[39m","time":"2017-07-15T14:00:57.657Z","v":0}
{"name":"hexo","hostname":"zqhdeMacBook-Pro.local","pid":14877,"level":20,"msg":"Processed: \u001b[35m_posts/Markdown语法教程的副本 7.md\u001b[39m","time":"2017-07-15T14:00:57.658Z","v":0}
{"name":"hexo","hostname":"zqhdeMacBook-Pro.local","pid":14877,"level":20,"msg":"Processed: \u001b[35m_posts/Markdown语法教程的副本 8.md\u001b[39m","time":"2017-07-15T14:00:57.658Z","v":0}
{"name":"hexo","hostname":"zqhdeMacBook-Pro.local","pid":14877,"level":20,"msg":"Processed: \u001b[35m_posts/Markdown语法教程的副本 9.md\u001b[39m","time":"2017-07-15T14:00:57.658Z","v":0}
{"name":"hexo","hostname":"zqhdeMacBook-Pro.local","pid":14877,"level":20,"msg":"Processed: \u001b[35m_posts/Markdown语法教程的副本.md\u001b[39m","time":"2017-07-15T14:00:57.658Z","v":0}
{"name":"hexo","hostname":"zqhdeMacBook-Pro.local","pid":14877,"level":20,"msg":"Processed: \u001b[35m_posts/h.md\u001b[39m","time":"2017-07-15T14:00:57.659Z","v":0}
{"name":"hexo","hostname":"zqhdeMacBook-Pro.local","pid":14877,"level":20,"msg":"Processed: \u001b[35m_posts/hello-world.md\u001b[39m","time":"2017-07-15T14:00:57.659Z","v":0}
{"name":"hexo","hostname":"zqhdeMacBook-Pro.local","pid":14877,"level":20,"msg":"Processed: \u001b[35m_posts/iOS10及Xcode8适配.md\u001b[39m","time":"2017-07-15T14:00:57.660Z","v":0}
{"name":"hexo","hostname":"zqhdeMacBook-Pro.local","pid":14877,"level":20,"msg":"Processed: \u001b[35m_posts/iOS开发零碎知识点整理.md\u001b[39m","time":"2017-07-15T14:00:57.660Z","v":0}
{"name":"hexo","hostname":"zqhdeMacBook-Pro.local","pid":14877,"level":20,"msg":"Processed: \u001b[35m_posts/用Hexo-GitHub搭建个人博客.md\u001b[39m","time":"2017-07-15T14:00:57.660Z","v":0}
{"name":"hexo","hostname":"zqhdeMacBook-Pro.local","pid":14877,"level":20,"msg":"Theme config loaded.","time":"2017-07-15T14:00:57.720Z","v":0}
{"name":"hexo","hostname":"zqhdeMacBook-Pro.local","pid":14877,"level":20,"msg":"Processed: \u001b[35m_config.yml\u001b[39m","time":"2017-07-15T14:00:57.726Z","v":0}
{"name":"hexo","hostname":"zqhdeMacBook-Pro.local","pid":14877,"level":20,"msg":"Processed: \u001b[35msource/css/main.styl\u001b[39m","time":"2017-07-15T14:00:57.726Z","v":0}
{"name":"hexo","hostname":"zqhdeMacBook-Pro.local","pid":14877,"level":20,"msg":"Processed: \u001b[35msource/images/algolia_logo.svg\u001b[39m","time":"2017-07-15T14:00:57.726Z","v":0}
{"name":"hexo","hostname":"zqhdeMacBook-Pro.local","pid":14877,"level":20,"msg":"Processed: \u001b[35msource/images/avatar.gif\u001b[39m","time":"2017-07-15T14:00:57.726Z","v":0}
{"name":"hexo","hostname":"zqhdeMacBook-Pro.local","pid":14877,"level":20,"msg":"Processed: \u001b[35msource/images/cc-by-nc-nd.svg\u001b[39m","time":"2017-07-15T14:00:57.727Z","v":0}
{"name":"hexo","hostname":"zqhdeMacBook-Pro.local","pid":14877,"level":20,"msg":"Processed: \u001b[35msource/images/cc-by-nc.svg\u001b[39m","time":"2017-07-15T14:00:57.727Z","v":0}
{"name":"hexo","hostname":"zqhdeMacBook-Pro.local","pid":14877,"level":20,"msg":"Processed: \u001b[35msource/images/cc-by-nc-sa.svg\u001b[39m","time":"2017-07-15T14:00:57.727Z","v":0}
{"name":"hexo","hostname":"zqhdeMacBook-Pro.local","pid":14877,"level":20,"msg":"Processed: \u001b[35msource/images/cc-by-nd.svg\u001b[39m","time":"2017-07-15T14:00:57.728Z","v":0}
{"name":"hexo","hostname":"zqhdeMacBook-Pro.local","pid":14877,"level":20,"msg":"Processed: \u001b[35msource/images/cc-by-sa.svg\u001b[39m","time":"2017-07-15T14:00:57.729Z","v":0}
{"name":"hexo","hostname":"zqhdeMacBook-Pro.local","pid":14877,"level":20,"msg":"Processed: \u001b[35msource/images/cc-by.svg\u001b[39m","time":"2017-07-15T14:00:57.729Z","v":0}
{"name":"hexo","hostname":"zqhdeMacBook-Pro.local","pid":14877,"level":20,"msg":"Processed: \u001b[35msource/images/cc-zero.svg\u001b[39m","time":"2017-07-15T14:00:57.729Z","v":0}
{"name":"hexo","hostname":"zqhdeMacBook-Pro.local","pid":14877,"level":20,"msg":"Processed: \u001b[35msource/images/loading.gif\u001b[39m","time":"2017-07-15T14:00:57.729Z","v":0}
{"name":"hexo","hostname":"zqhdeMacBook-Pro.local","pid":14877,"level":20,"msg":"Processed: \u001b[35msource/images/placeholder.gif\u001b[39m","time":"2017-07-15T14:00:57.729Z","v":0}
{"name":"hexo","hostname":"zqhdeMacBook-Pro.local","pid":14877,"level":20,"msg":"Processed: \u001b[35msource/images/quote-l.svg\u001b[39m","time":"2017-07-15T14:00:57.729Z","v":0}
{"name":"hexo","hostname":"zqhdeMacBook-Pro.local","pid":14877,"level":20,"msg":"Processed: \u001b[35msource/images/quote-r.svg\u001b[39m","time":"2017-07-15T14:00:57.730Z","v":0}
{"name":"hexo","hostname":"zqhdeMacBook-Pro.local","pid":14877,"level":20,"msg":"Processed: \u001b[35msource/images/searchicon.png\u001b[39m","time":"2017-07-15T14:00:57.730Z","v":0}
{"name":"hexo","hostname":"zqhdeMacBook-Pro.local","pid":14877,"level":20,"msg":"Processed: \u001b[35mlayout/_layout.swig\u001b[39m","time":"2017-07-15T14:00:57.911Z","v":0}
{"name":"hexo","hostname":"zqhdeMacBook-Pro.local","pid":14877,"level":20,"msg":"Processed: \u001b[35mlayout/archive.swig\u001b[39m","time":"2017-07-15T14:00:57.911Z","v":0}
{"name":"hexo","hostname":"zqhdeMacBook-Pro.local","pid":14877,"level":20,"msg":"Processed: \u001b[35mlayout/category.swig\u001b[39m","time":"2017-07-15T14:00:57.911Z","v":0}
{"name":"hexo","hostname":"zqhdeMacBook-Pro.local","pid":14877,"level":20,"msg":"Processed: \u001b[35mlayout/index.swig\u001b[39m","time":"2017-07-15T14:00:57.911Z","v":0}
{"name":"hexo","hostname":"zqhdeMacBook-Pro.local","pid":14877,"level":20,"msg":"Processed: \u001b[35mlayout/page.swig\u001b[39m","time":"2017-07-15T14:00:57.912Z","v":0}
{"name":"hexo","hostname":"zqhdeMacBook-Pro.local","pid":14877,"level":20,"msg":"Processed: \u001b[35mlayout/post.swig\u001b[39m","time":"2017-07-15T14:00:57.912Z","v":0}
{"name":"hexo","hostname":"zqhdeMacBook-Pro.local","pid":14877,"level":20,"msg":"Processed: \u001b[35mlayout/schedule.swig\u001b[39m","time":"2017-07-15T14:00:57.912Z","v":0}
{"name":"hexo","hostname":"zqhdeMacBook-Pro.local","pid":14877,"level":20,"msg":"Processed: \u001b[35mlayout/tag.swig\u001b[39m","time":"2017-07-15T14:00:57.912Z","v":0}
{"name":"hexo","hostname":"zqhdeMacBook-Pro.local","pid":14877,"level":20,"msg":"Processed: \u001b[35mlanguages/de.yml\u001b[39m","time":"2017-07-15T14:00:57.926Z","v":0}
{"name":"hexo","hostname":"zqhdeMacBook-Pro.local","pid":14877,"level":20,"msg":"Processed: \u001b[35mlanguages/default.yml\u001b[39m","time":"2017-07-15T14:00:57.926Z","v":0}
{"name":"hexo","hostname":"zqhdeMacBook-Pro.local","pid":14877,"level":20,"msg":"Processed: \u001b[35mlanguages/en.yml\u001b[39m","time":"2017-07-15T14:00:57.927Z","v":0}
{"name":"hexo","hostname":"zqhdeMacBook-Pro.local","pid":14877,"level":20,"msg":"Processed: \u001b[35mlanguages/fr-FR.yml\u001b[39m","time":"2017-07-15T14:00:57.927Z","v":0}
{"name":"hexo","hostname":"zqhdeMacBook-Pro.local","pid":14877,"level":20,"msg":"Processed: \u001b[35mlanguages/id.yml\u001b[39m","time":"2017-07-15T14:00:57.927Z","v":0}
{"name":"hexo","hostname":"zqhdeMacBook-Pro.local","pid":14877,"level":20,"msg":"Processed: \u001b[35mlanguages/ja.yml\u001b[39m","time":"2017-07-15T14:00:57.927Z","v":0}
{"name":"hexo","hostname":"zqhdeMacBook-Pro.local","pid":14877,"level":20,"msg":"Processed: \u001b[35mlanguages/ko.yml\u001b[39m","time":"2017-07-15T14:00:57.927Z","v":0}
{"name":"hexo","hostname":"zqhdeMacBook-Pro.local","pid":14877,"level":20,"msg":"Processed: \u001b[35mlanguages/pt-BR.yml\u001b[39m","time":"2017-07-15T14:00:57.927Z","v":0}
{"name":"hexo","hostname":"zqhdeMacBook-Pro.local","pid":14877,"level":20,"msg":"Processed: \u001b[35mlanguages/pt.yml\u001b[39m","time":"2017-07-15T14:00:57.927Z","v":0}
{"name":"hexo","hostname":"zqhdeMacBook-Pro.local","pid":14877,"level":20,"msg":"Processed: \u001b[35mlanguages/ru.yml\u001b[39m","time":"2017-07-15T14:00:57.927Z","v":0}
{"name":"hexo","hostname":"zqhdeMacBook-Pro.local","pid":14877,"level":20,"msg":"Processed: \u001b[35mlanguages/zh-Hans.yml\u001b[39m","time":"2017-07-15T14:00:57.927Z","v":0}
{"name":"hexo","hostname":"zqhdeMacBook-Pro.local","pid":14877,"level":20,"msg":"Processed: \u001b[35mlanguages/zh-hk.yml\u001b[39m","time":"2017-07-15T14:00:57.927Z","v":0}
{"name":"hexo","hostname":"zqhdeMacBook-Pro.local","pid":14877,"level":20,"msg":"Processed: \u001b[35mlanguages/zh-tw.yml\u001b[39m","time":"2017-07-15T14:00:57.927Z","v":0}
{"name":"hexo","hostname":"zqhdeMacBook-Pro.local","pid":14877,"level":20,"msg":"Processed: \u001b[35msource/js/src/affix.js\u001b[39m","time":"2017-07-15T14:00:57.927Z","v":0}
{"name":"hexo","hostname":"zqhdeMacBook-Pro.local","pid":14877,"level":20,"msg":"Processed: \u001b[35msource/js/src/algolia-search.js\u001b[39m","time":"2017-07-15T14:00:57.928Z","v":0}
{"name":"hexo","hostname":"zqhdeMacBook-Pro.local","pid":14877,"level":20,"msg":"Processed: \u001b[35msource/js/src/bootstrap.js\u001b[39m","time":"2017-07-15T14:00:57.928Z","v":0}
{"name":"hexo","hostname":"zqhdeMacBook-Pro.local","pid":14877,"level":20,"msg":"Processed: \u001b[35msource/js/src/exturl.js\u001b[39m","time":"2017-07-15T14:00:57.928Z","v":0}
{"name":"hexo","hostname":"zqhdeMacBook-Pro.local","pid":14877,"level":20,"msg":"Processed: \u001b[35msource/js/src/hook-duoshuo.js\u001b[39m","time":"2017-07-15T14:00:57.928Z","v":0}
{"name":"hexo","hostname":"zqhdeMacBook-Pro.local","pid":14877,"level":20,"msg":"Processed: \u001b[35msource/js/src/js.cookie.js\u001b[39m","time":"2017-07-15T14:00:57.928Z","v":0}
{"name":"hexo","hostname":"zqhdeMacBook-Pro.local","pid":14877,"level":20,"msg":"Processed: \u001b[35msource/js/src/motion.js\u001b[39m","time":"2017-07-15T14:00:57.928Z","v":0}
{"name":"hexo","hostname":"zqhdeMacBook-Pro.local","pid":14877,"level":20,"msg":"Processed: \u001b[35msource/js/src/post-details.js\u001b[39m","time":"2017-07-15T14:00:57.928Z","v":0}
{"name":"hexo","hostname":"zqhdeMacBook-Pro.local","pid":14877,"level":20,"msg":"Processed: \u001b[35msource/js/src/scroll-cookie.js\u001b[39m","time":"2017-07-15T14:00:57.929Z","v":0}
{"name":"hexo","hostname":"zqhdeMacBook-Pro.local","pid":14877,"level":20,"msg":"Processed: \u001b[35msource/js/src/scrollspy.js\u001b[39m","time":"2017-07-15T14:00:57.929Z","v":0}
{"name":"hexo","hostname":"zqhdeMacBook-Pro.local","pid":14877,"level":20,"msg":"Processed: \u001b[35msource/js/src/utils.js\u001b[39m","time":"2017-07-15T14:00:57.929Z","v":0}
{"name":"hexo","hostname":"zqhdeMacBook-Pro.local","pid":14877,"level":20,"msg":"Processed: \u001b[35msource/lib/algolia-instant-search/instantsearch.min.css\u001b[39m","time":"2017-07-15T14:00:57.930Z","v":0}
{"name":"hexo","hostname":"zqhdeMacBook-Pro.local","pid":14877,"level":20,"msg":"Processed: \u001b[35msource/lib/canvas-nest/canvas-nest.min.js\u001b[39m","time":"2017-07-15T14:00:57.930Z","v":0}
{"name":"hexo","hostname":"zqhdeMacBook-Pro.local","pid":14877,"level":20,"msg":"Processed: \u001b[35msource/lib/canvas-ribbon/canvas-ribbon.js\u001b[39m","time":"2017-07-15T14:00:57.931Z","v":0}
{"name":"hexo","hostname":"zqhdeMacBook-Pro.local","pid":14877,"level":20,"msg":"Processed: \u001b[35msource/lib/fastclick/LICENSE\u001b[39m","time":"2017-07-15T14:00:57.931Z","v":0}
{"name":"hexo","hostname":"zqhdeMacBook-Pro.local","pid":14877,"level":20,"msg":"Processed: \u001b[35msource/lib/fastclick/bower.json\u001b[39m","time":"2017-07-15T14:00:57.931Z","v":0}
{"name":"hexo","hostname":"zqhdeMacBook-Pro.local","pid":14877,"level":20,"msg":"Processed: \u001b[35msource/lib/fastclick/README.md\u001b[39m","time":"2017-07-15T14:00:57.931Z","v":0}
{"name":"hexo","hostname":"zqhdeMacBook-Pro.local","pid":14877,"level":20,"msg":"Processed: \u001b[35msource/lib/font-awesome/HELP-US-OUT.txt\u001b[39m","time":"2017-07-15T14:00:57.931Z","v":0}
{"name":"hexo","hostname":"zqhdeMacBook-Pro.local","pid":14877,"level":20,"msg":"Processed: \u001b[35msource/lib/font-awesome/bower.json\u001b[39m","time":"2017-07-15T14:00:57.931Z","v":0}
{"name":"hexo","hostname":"zqhdeMacBook-Pro.local","pid":14877,"level":20,"msg":"Processed: \u001b[35msource/lib/jquery_lazyload/CONTRIBUTING.md\u001b[39m","time":"2017-07-15T14:00:57.931Z","v":0}
{"name":"hexo","hostname":"zqhdeMacBook-Pro.local","pid":14877,"level":20,"msg":"Processed: \u001b[35msource/lib/jquery_lazyload/README.md\u001b[39m","time":"2017-07-15T14:00:57.932Z","v":0}
{"name":"hexo","hostname":"zqhdeMacBook-Pro.local","pid":14877,"level":20,"msg":"Processed: \u001b[35msource/lib/jquery_lazyload/bower.json\u001b[39m","time":"2017-07-15T14:00:57.932Z","v":0}
{"name":"hexo","hostname":"zqhdeMacBook-Pro.local","pid":14877,"level":20,"msg":"Processed: \u001b[35msource/lib/jquery_lazyload/jquery.lazyload.js\u001b[39m","time":"2017-07-15T14:00:57.932Z","v":0}
{"name":"hexo","hostname":"zqhdeMacBook-Pro.local","pid":14877,"level":20,"msg":"Processed: \u001b[35msource/lib/jquery_lazyload/jquery.scrollstop.js\u001b[39m","time":"2017-07-15T14:00:57.932Z","v":0}
{"name":"hexo","hostname":"zqhdeMacBook-Pro.local","pid":14877,"level":20,"msg":"Processed: \u001b[35msource/lib/pace/pace-theme-barber-shop.min.css\u001b[39m","time":"2017-07-15T14:00:57.932Z","v":0}
{"name":"hexo","hostname":"zqhdeMacBook-Pro.local","pid":14877,"level":20,"msg":"Processed: \u001b[35msource/lib/pace/pace-theme-big-counter.min.css\u001b[39m","time":"2017-07-15T14:00:57.932Z","v":0}
{"name":"hexo","hostname":"zqhdeMacBook-Pro.local","pid":14877,"level":20,"msg":"Processed: \u001b[35msource/lib/pace/pace-theme-bounce.min.css\u001b[39m","time":"2017-07-15T14:00:57.933Z","v":0}
{"name":"hexo","hostname":"zqhdeMacBook-Pro.local","pid":14877,"level":20,"msg":"Processed: \u001b[35msource/lib/pace/pace-theme-center-atom.min.css\u001b[39m","time":"2017-07-15T14:00:57.933Z","v":0}
{"name":"hexo","hostname":"zqhdeMacBook-Pro.local","pid":14877,"level":20,"msg":"Processed: \u001b[35msource/lib/pace/pace-theme-center-circle.min.css\u001b[39m","time":"2017-07-15T14:00:57.933Z","v":0}
{"name":"hexo","hostname":"zqhdeMacBook-Pro.local","pid":14877,"level":20,"msg":"Processed: \u001b[35msource/lib/pace/pace-theme-center-radar.min.css\u001b[39m","time":"2017-07-15T14:00:57.933Z","v":0}
{"name":"hexo","hostname":"zqhdeMacBook-Pro.local","pid":14877,"level":20,"msg":"Processed: \u001b[35msource/lib/pace/pace-theme-center-simple.min.css\u001b[39m","time":"2017-07-15T14:00:57.933Z","v":0}
{"name":"hexo","hostname":"zqhdeMacBook-Pro.local","pid":14877,"level":20,"msg":"Processed: \u001b[35msource/lib/pace/pace-theme-corner-indicator.min.css\u001b[39m","time":"2017-07-15T14:00:57.933Z","v":0}
{"name":"hexo","hostname":"zqhdeMacBook-Pro.local","pid":14877,"level":20,"msg":"Processed: \u001b[35msource/lib/pace/pace-theme-fill-left.min.css\u001b[39m","time":"2017-07-15T14:00:57.933Z","v":0}
{"name":"hexo","hostname":"zqhdeMacBook-Pro.local","pid":14877,"level":20,"msg":"Processed: \u001b[35msource/lib/pace/pace-theme-flash.min.css\u001b[39m","time":"2017-07-15T14:00:57.933Z","v":0}
{"name":"hexo","hostname":"zqhdeMacBook-Pro.local","pid":14877,"level":20,"msg":"Processed: \u001b[35msource/lib/pace/pace-theme-mac-osx.min.css\u001b[39m","time":"2017-07-15T14:00:57.933Z","v":0}
{"name":"hexo","hostname":"zqhdeMacBook-Pro.local","pid":14877,"level":20,"msg":"Processed: \u001b[35msource/lib/pace/pace-theme-loading-bar.min.css\u001b[39m","time":"2017-07-15T14:00:57.934Z","v":0}
{"name":"hexo","hostname":"zqhdeMacBook-Pro.local","pid":14877,"level":20,"msg":"Processed: \u001b[35msource/lib/pace/pace-theme-minimal.min.css\u001b[39m","time":"2017-07-15T14:00:57.934Z","v":0}
{"name":"hexo","hostname":"zqhdeMacBook-Pro.local","pid":14877,"level":20,"msg":"Processed: \u001b[35msource/lib/pace/pace.min.js\u001b[39m","time":"2017-07-15T14:00:57.934Z","v":0}
{"name":"hexo","hostname":"zqhdeMacBook-Pro.local","pid":14877,"level":20,"msg":"Processed: \u001b[35msource/lib/three/canvas_sphere.min.js\u001b[39m","time":"2017-07-15T14:00:57.934Z","v":0}
{"name":"hexo","hostname":"zqhdeMacBook-Pro.local","pid":14877,"level":20,"msg":"Processed: \u001b[35msource/lib/three/canvas_lines.min.js\u001b[39m","time":"2017-07-15T14:00:57.934Z","v":0}
{"name":"hexo","hostname":"zqhdeMacBook-Pro.local","pid":14877,"level":20,"msg":"Processed: \u001b[35msource/lib/three/three-waves.min.js\u001b[39m","time":"2017-07-15T14:00:57.934Z","v":0}
{"name":"hexo","hostname":"zqhdeMacBook-Pro.local","pid":14877,"level":20,"msg":"Processed: \u001b[35msource/lib/velocity/bower.json\u001b[39m","time":"2017-07-15T14:00:57.934Z","v":0}
{"name":"hexo","hostname":"zqhdeMacBook-Pro.local","pid":14877,"level":20,"msg":"Processed: \u001b[35msource/lib/velocity/velocity.min.js\u001b[39m","time":"2017-07-15T14:00:57.934Z","v":0}
{"name":"hexo","hostname":"zqhdeMacBook-Pro.local","pid":14877,"level":20,"msg":"Processed: \u001b[35msource/lib/velocity/velocity.ui.min.js\u001b[39m","time":"2017-07-15T14:00:57.934Z","v":0}
{"name":"hexo","hostname":"zqhdeMacBook-Pro.local","pid":14877,"level":20,"msg":"Processed: \u001b[35msource/lib/velocity/velocity.ui.js\u001b[39m","time":"2017-07-15T14:00:57.934Z","v":0}
{"name":"hexo","hostname":"zqhdeMacBook-Pro.local","pid":14877,"level":20,"msg":"Processed: \u001b[35msource/lib/jquery/index.js\u001b[39m","time":"2017-07-15T14:00:57.941Z","v":0}
{"name":"hexo","hostname":"zqhdeMacBook-Pro.local","pid":14877,"level":20,"msg":"Processed: \u001b[35mlayout/_custom/header.swig\u001b[39m","time":"2017-07-15T14:00:57.999Z","v":0}
{"name":"hexo","hostname":"zqhdeMacBook-Pro.local","pid":14877,"level":20,"msg":"Processed: \u001b[35mlayout/_custom/sidebar.swig\u001b[39m","time":"2017-07-15T14:00:57.999Z","v":0}
{"name":"hexo","hostname":"zqhdeMacBook-Pro.local","pid":14877,"level":20,"msg":"Processed: \u001b[35mlayout/_macro/post-collapse.swig\u001b[39m","time":"2017-07-15T14:00:57.999Z","v":0}
{"name":"hexo","hostname":"zqhdeMacBook-Pro.local","pid":14877,"level":20,"msg":"Processed: \u001b[35mlayout/_macro/post-copyright.swig\u001b[39m","time":"2017-07-15T14:00:57.999Z","v":0}
{"name":"hexo","hostname":"zqhdeMacBook-Pro.local","pid":14877,"level":20,"msg":"Processed: \u001b[35mlayout/_macro/post.swig\u001b[39m","time":"2017-07-15T14:00:57.999Z","v":0}
{"name":"hexo","hostname":"zqhdeMacBook-Pro.local","pid":14877,"level":20,"msg":"Processed: \u001b[35mlayout/_macro/reward.swig\u001b[39m","time":"2017-07-15T14:00:57.999Z","v":0}
{"name":"hexo","hostname":"zqhdeMacBook-Pro.local","pid":14877,"level":20,"msg":"Processed: \u001b[35mlayout/_macro/sidebar.swig\u001b[39m","time":"2017-07-15T14:00:57.999Z","v":0}
{"name":"hexo","hostname":"zqhdeMacBook-Pro.local","pid":14877,"level":20,"msg":"Processed: \u001b[35mlayout/_macro/wechat-subscriber.swig\u001b[39m","time":"2017-07-15T14:00:57.999Z","v":0}
{"name":"hexo","hostname":"zqhdeMacBook-Pro.local","pid":14877,"level":20,"msg":"Processed: \u001b[35mlayout/_partials/comments.swig\u001b[39m","time":"2017-07-15T14:00:57.999Z","v":0}
{"name":"hexo","hostname":"zqhdeMacBook-Pro.local","pid":14877,"level":20,"msg":"Processed: \u001b[35mlayout/_partials/footer.swig\u001b[39m","time":"2017-07-15T14:00:57.999Z","v":0}
{"name":"hexo","hostname":"zqhdeMacBook-Pro.local","pid":14877,"level":20,"msg":"Processed: \u001b[35mlayout/_partials/head.swig\u001b[39m","time":"2017-07-15T14:00:57.999Z","v":0}
{"name":"hexo","hostname":"zqhdeMacBook-Pro.local","pid":14877,"level":20,"msg":"Processed: \u001b[35mlayout/_partials/header.swig\u001b[39m","time":"2017-07-15T14:00:57.999Z","v":0}
{"name":"hexo","hostname":"zqhdeMacBook-Pro.local","pid":14877,"level":20,"msg":"Processed: \u001b[35mlayout/_partials/pagination.swig\u001b[39m","time":"2017-07-15T14:00:57.999Z","v":0}
{"name":"hexo","hostname":"zqhdeMacBook-Pro.local","pid":14877,"level":20,"msg":"Processed: \u001b[35mlayout/_partials/page-header.swig\u001b[39m","time":"2017-07-15T14:00:57.999Z","v":0}
{"name":"hexo","hostname":"zqhdeMacBook-Pro.local","pid":14877,"level":20,"msg":"Processed: \u001b[35mlayout/_partials/search.swig\u001b[39m","time":"2017-07-15T14:00:57.999Z","v":0}
{"name":"hexo","hostname":"zqhdeMacBook-Pro.local","pid":14877,"level":20,"msg":"Processed: \u001b[35mlayout/_scripts/boostrap.swig\u001b[39m","time":"2017-07-15T14:00:57.999Z","v":0}
{"name":"hexo","hostname":"zqhdeMacBook-Pro.local","pid":14877,"level":20,"msg":"Processed: \u001b[35mlayout/_scripts/commons.swig\u001b[39m","time":"2017-07-15T14:00:57.999Z","v":0}
{"name":"hexo","hostname":"zqhdeMacBook-Pro.local","pid":14877,"level":20,"msg":"Processed: \u001b[35mlayout/_scripts/vendors.swig\u001b[39m","time":"2017-07-15T14:00:57.999Z","v":0}
{"name":"hexo","hostname":"zqhdeMacBook-Pro.local","pid":14877,"level":20,"msg":"Processed: \u001b[35mlayout/_third-party/duoshuo-hot-articles.swig\u001b[39m","time":"2017-07-15T14:00:57.999Z","v":0}
{"name":"hexo","hostname":"zqhdeMacBook-Pro.local","pid":14877,"level":20,"msg":"Processed: \u001b[35mlayout/_third-party/exturl.swig\u001b[39m","time":"2017-07-15T14:00:57.999Z","v":0}
{"name":"hexo","hostname":"zqhdeMacBook-Pro.local","pid":14877,"level":20,"msg":"Processed: \u001b[35mlayout/_third-party/mathjax.swig\u001b[39m","time":"2017-07-15T14:00:57.999Z","v":0}
{"name":"hexo","hostname":"zqhdeMacBook-Pro.local","pid":14877,"level":20,"msg":"Processed: \u001b[35mlayout/_third-party/rating.swig\u001b[39m","time":"2017-07-15T14:00:57.999Z","v":0}
{"name":"hexo","hostname":"zqhdeMacBook-Pro.local","pid":14877,"level":20,"msg":"Processed: \u001b[35mlayout/_third-party/schedule.swig\u001b[39m","time":"2017-07-15T14:00:58.000Z","v":0}
{"name":"hexo","hostname":"zqhdeMacBook-Pro.local","pid":14877,"level":20,"msg":"Processed: \u001b[35mlayout/_third-party/scroll-cookie.swig\u001b[39m","time":"2017-07-15T14:00:58.000Z","v":0}
{"name":"hexo","hostname":"zqhdeMacBook-Pro.local","pid":14877,"level":20,"msg":"Processed: \u001b[35msource/js/src/schemes/pisces.js\u001b[39m","time":"2017-07-15T14:00:58.002Z","v":0}
{"name":"hexo","hostname":"zqhdeMacBook-Pro.local","pid":14877,"level":20,"msg":"Processed: \u001b[35msource/lib/Han/dist/han.min.js\u001b[39m","time":"2017-07-15T14:00:58.002Z","v":0}
{"name":"hexo","hostname":"zqhdeMacBook-Pro.local","pid":14877,"level":20,"msg":"Processed: \u001b[35msource/lib/Han/dist/han.min.css\u001b[39m","time":"2017-07-15T14:00:58.002Z","v":0}
{"name":"hexo","hostname":"zqhdeMacBook-Pro.local","pid":14877,"level":20,"msg":"Processed: \u001b[35msource/lib/fancybox/source/blank.gif\u001b[39m","time":"2017-07-15T14:00:58.004Z","v":0}
{"name":"hexo","hostname":"zqhdeMacBook-Pro.local","pid":14877,"level":20,"msg":"Processed: \u001b[35msource/lib/fancybox/source/fancybox_loading.gif\u001b[39m","time":"2017-07-15T14:00:58.004Z","v":0}
{"name":"hexo","hostname":"zqhdeMacBook-Pro.local","pid":14877,"level":20,"msg":"Processed: \u001b[35msource/lib/fancybox/source/fancybox_loading@2x.gif\u001b[39m","time":"2017-07-15T14:00:58.004Z","v":0}
{"name":"hexo","hostname":"zqhdeMacBook-Pro.local","pid":14877,"level":20,"msg":"Processed: \u001b[35msource/lib/fancybox/source/fancybox_overlay.png\u001b[39m","time":"2017-07-15T14:00:58.004Z","v":0}
{"name":"hexo","hostname":"zqhdeMacBook-Pro.local","pid":14877,"level":20,"msg":"Processed: \u001b[35msource/lib/fancybox/source/fancybox_sprite.png\u001b[39m","time":"2017-07-15T14:00:58.004Z","v":0}
{"name":"hexo","hostname":"zqhdeMacBook-Pro.local","pid":14877,"level":20,"msg":"Processed: \u001b[35msource/lib/fancybox/source/fancybox_sprite@2x.png\u001b[39m","time":"2017-07-15T14:00:58.005Z","v":0}
{"name":"hexo","hostname":"zqhdeMacBook-Pro.local","pid":14877,"level":20,"msg":"Processed: \u001b[35msource/lib/fancybox/source/jquery.fancybox.css\u001b[39m","time":"2017-07-15T14:00:58.005Z","v":0}
{"name":"hexo","hostname":"zqhdeMacBook-Pro.local","pid":14877,"level":20,"msg":"Processed: \u001b[35msource/lib/fancybox/source/jquery.fancybox.pack.js\u001b[39m","time":"2017-07-15T14:00:58.005Z","v":0}
{"name":"hexo","hostname":"zqhdeMacBook-Pro.local","pid":14877,"level":20,"msg":"Processed: \u001b[35msource/lib/fancybox/source/jquery.fancybox.js\u001b[39m","time":"2017-07-15T14:00:58.005Z","v":0}
{"name":"hexo","hostname":"zqhdeMacBook-Pro.local","pid":14877,"level":20,"msg":"Processed: \u001b[35msource/lib/fastclick/lib/fastclick.js\u001b[39m","time":"2017-07-15T14:00:58.005Z","v":0}
{"name":"hexo","hostname":"zqhdeMacBook-Pro.local","pid":14877,"level":20,"msg":"Processed: \u001b[35msource/lib/fastclick/lib/fastclick.min.js\u001b[39m","time":"2017-07-15T14:00:58.005Z","v":0}
{"name":"hexo","hostname":"zqhdeMacBook-Pro.local","pid":14877,"level":20,"msg":"Processed: \u001b[35msource/lib/font-awesome/css/font-awesome.css\u001b[39m","time":"2017-07-15T14:00:58.006Z","v":0}
{"name":"hexo","hostname":"zqhdeMacBook-Pro.local","pid":14877,"level":20,"msg":"Processed: \u001b[35msource/lib/font-awesome/css/font-awesome.css.map\u001b[39m","time":"2017-07-15T14:00:58.006Z","v":0}
{"name":"hexo","hostname":"zqhdeMacBook-Pro.local","pid":14877,"level":20,"msg":"Processed: \u001b[35msource/lib/font-awesome/css/font-awesome.min.css\u001b[39m","time":"2017-07-15T14:00:58.006Z","v":0}
{"name":"hexo","hostname":"zqhdeMacBook-Pro.local","pid":14877,"level":20,"msg":"Processed: \u001b[35msource/lib/ua-parser-js/dist/ua-parser.min.js\u001b[39m","time":"2017-07-15T14:00:58.006Z","v":0}
{"name":"hexo","hostname":"zqhdeMacBook-Pro.local","pid":14877,"level":20,"msg":"Processed: \u001b[35msource/lib/ua-parser-js/dist/ua-parser.pack.js\u001b[39m","time":"2017-07-15T14:00:58.006Z","v":0}
{"name":"hexo","hostname":"zqhdeMacBook-Pro.local","pid":14877,"level":20,"msg":"Processed: \u001b[35mlayout/_scripts/schemes/mist.swig\u001b[39m","time":"2017-07-15T14:00:58.010Z","v":0}
{"name":"hexo","hostname":"zqhdeMacBook-Pro.local","pid":14877,"level":20,"msg":"Processed: \u001b[35mlayout/_scripts/schemes/muse.swig\u001b[39m","time":"2017-07-15T14:00:58.010Z","v":0}
{"name":"hexo","hostname":"zqhdeMacBook-Pro.local","pid":14877,"level":20,"msg":"Processed: \u001b[35msource/lib/Han/dist/han.css\u001b[39m","time":"2017-07-15T14:00:58.011Z","v":0}
{"name":"hexo","hostname":"zqhdeMacBook-Pro.local","pid":14877,"level":20,"msg":"Processed: \u001b[35msource/lib/Han/dist/han.js\u001b[39m","time":"2017-07-15T14:00:58.012Z","v":0}
{"name":"hexo","hostname":"zqhdeMacBook-Pro.local","pid":14877,"level":20,"msg":"Processed: \u001b[35msource/lib/font-awesome/fonts/fontawesome-webfont.woff\u001b[39m","time":"2017-07-15T14:00:58.012Z","v":0}
{"name":"hexo","hostname":"zqhdeMacBook-Pro.local","pid":14877,"level":20,"msg":"Processed: \u001b[35msource/lib/font-awesome/fonts/fontawesome-webfont.woff2\u001b[39m","time":"2017-07-15T14:00:58.012Z","v":0}
{"name":"hexo","hostname":"zqhdeMacBook-Pro.local","pid":14877,"level":20,"msg":"Processed: \u001b[35msource/lib/velocity/velocity.js\u001b[39m","time":"2017-07-15T14:00:58.012Z","v":0}
{"name":"hexo","hostname":"zqhdeMacBook-Pro.local","pid":14877,"level":20,"msg":"Processed: \u001b[35mlayout/_partials/head/custom-head.swig\u001b[39m","time":"2017-07-15T14:00:58.034Z","v":0}
{"name":"hexo","hostname":"zqhdeMacBook-Pro.local","pid":14877,"level":20,"msg":"Processed: \u001b[35mlayout/_partials/search/localsearch.swig\u001b[39m","time":"2017-07-15T14:00:58.034Z","v":0}
{"name":"hexo","hostname":"zqhdeMacBook-Pro.local","pid":14877,"level":20,"msg":"Processed: \u001b[35mlayout/_partials/head/external-fonts.swig\u001b[39m","time":"2017-07-15T14:00:58.034Z","v":0}
{"name":"hexo","hostname":"zqhdeMacBook-Pro.local","pid":14877,"level":20,"msg":"Processed: \u001b[35mlayout/_partials/search/swiftype.swig\u001b[39m","time":"2017-07-15T14:00:58.034Z","v":0}
{"name":"hexo","hostname":"zqhdeMacBook-Pro.local","pid":14877,"level":20,"msg":"Processed: \u001b[35mlayout/_partials/share/add-this.swig\u001b[39m","time":"2017-07-15T14:00:58.034Z","v":0}
{"name":"hexo","hostname":"zqhdeMacBook-Pro.local","pid":14877,"level":20,"msg":"Processed: \u001b[35mlayout/_partials/search/tinysou.swig\u001b[39m","time":"2017-07-15T14:00:58.034Z","v":0}
{"name":"hexo","hostname":"zqhdeMacBook-Pro.local","pid":14877,"level":20,"msg":"Processed: \u001b[35mlayout/_partials/share/baidushare.swig\u001b[39m","time":"2017-07-15T14:00:58.034Z","v":0}
{"name":"hexo","hostname":"zqhdeMacBook-Pro.local","pid":14877,"level":20,"msg":"Processed: \u001b[35mlayout/_partials/share/duoshuo_share.swig\u001b[39m","time":"2017-07-15T14:00:58.034Z","v":0}
{"name":"hexo","hostname":"zqhdeMacBook-Pro.local","pid":14877,"level":20,"msg":"Processed: \u001b[35mlayout/_partials/share/jiathis.swig\u001b[39m","time":"2017-07-15T14:00:58.034Z","v":0}
{"name":"hexo","hostname":"zqhdeMacBook-Pro.local","pid":14877,"level":20,"msg":"Processed: \u001b[35mlayout/_scripts/schemes/pisces.swig\u001b[39m","time":"2017-07-15T14:00:58.034Z","v":0}
{"name":"hexo","hostname":"zqhdeMacBook-Pro.local","pid":14877,"level":20,"msg":"Processed: \u001b[35mlayout/_scripts/pages/post-details.swig\u001b[39m","time":"2017-07-15T14:00:58.034Z","v":0}
{"name":"hexo","hostname":"zqhdeMacBook-Pro.local","pid":14877,"level":20,"msg":"Processed: \u001b[35mlayout/_third-party/analytics/application-insights.swig\u001b[39m","time":"2017-07-15T14:00:58.034Z","v":0}
{"name":"hexo","hostname":"zqhdeMacBook-Pro.local","pid":14877,"level":20,"msg":"Processed: \u001b[35mlayout/_third-party/analytics/baidu-analytics.swig\u001b[39m","time":"2017-07-15T14:00:58.034Z","v":0}
{"name":"hexo","hostname":"zqhdeMacBook-Pro.local","pid":14877,"level":20,"msg":"Processed: \u001b[35mlayout/_third-party/analytics/busuanzi-counter.swig\u001b[39m","time":"2017-07-15T14:00:58.034Z","v":0}
{"name":"hexo","hostname":"zqhdeMacBook-Pro.local","pid":14877,"level":20,"msg":"Processed: \u001b[35mlayout/_third-party/analytics/cnzz-analytics.swig\u001b[39m","time":"2017-07-15T14:00:58.034Z","v":0}
{"name":"hexo","hostname":"zqhdeMacBook-Pro.local","pid":14877,"level":20,"msg":"Processed: \u001b[35mlayout/_third-party/analytics/facebook-sdk.swig\u001b[39m","time":"2017-07-15T14:00:58.034Z","v":0}
{"name":"hexo","hostname":"zqhdeMacBook-Pro.local","pid":14877,"level":20,"msg":"Processed: \u001b[35mlayout/_third-party/analytics/google-analytics.swig\u001b[39m","time":"2017-07-15T14:00:58.035Z","v":0}
{"name":"hexo","hostname":"zqhdeMacBook-Pro.local","pid":14877,"level":20,"msg":"Processed: \u001b[35mlayout/_third-party/analytics/index.swig\u001b[39m","time":"2017-07-15T14:00:58.035Z","v":0}
{"name":"hexo","hostname":"zqhdeMacBook-Pro.local","pid":14877,"level":20,"msg":"Processed: \u001b[35mlayout/_third-party/analytics/tencent-analytics.swig\u001b[39m","time":"2017-07-15T14:00:58.035Z","v":0}
{"name":"hexo","hostname":"zqhdeMacBook-Pro.local","pid":14877,"level":20,"msg":"Processed: \u001b[35mlayout/_third-party/analytics/lean-analytics.swig\u001b[39m","time":"2017-07-15T14:00:58.035Z","v":0}
{"name":"hexo","hostname":"zqhdeMacBook-Pro.local","pid":14877,"level":20,"msg":"Processed: \u001b[35mlayout/_third-party/analytics/tencent-mta.swig\u001b[39m","time":"2017-07-15T14:00:58.035Z","v":0}
{"name":"hexo","hostname":"zqhdeMacBook-Pro.local","pid":14877,"level":20,"msg":"Processed: \u001b[35mlayout/_third-party/analytics/vkontakte-api.swig\u001b[39m","time":"2017-07-15T14:00:58.035Z","v":0}
{"name":"hexo","hostname":"zqhdeMacBook-Pro.local","pid":14877,"level":20,"msg":"Processed: \u001b[35mlayout/_third-party/comments/changyan.swig\u001b[39m","time":"2017-07-15T14:00:58.035Z","v":0}
{"name":"hexo","hostname":"zqhdeMacBook-Pro.local","pid":14877,"level":20,"msg":"Processed: \u001b[35mlayout/_third-party/comments/disqus.swig\u001b[39m","time":"2017-07-15T14:00:58.035Z","v":0}
{"name":"hexo","hostname":"zqhdeMacBook-Pro.local","pid":14877,"level":20,"msg":"Processed: \u001b[35mlayout/_third-party/comments/duoshuo.swig\u001b[39m","time":"2017-07-15T14:00:58.035Z","v":0}
{"name":"hexo","hostname":"zqhdeMacBook-Pro.local","pid":14877,"level":20,"msg":"Processed: \u001b[35mlayout/_third-party/comments/hypercomments.swig\u001b[39m","time":"2017-07-15T14:00:58.035Z","v":0}
{"name":"hexo","hostname":"zqhdeMacBook-Pro.local","pid":14877,"level":20,"msg":"Processed: \u001b[35mlayout/_third-party/comments/index.swig\u001b[39m","time":"2017-07-15T14:00:58.035Z","v":0}
{"name":"hexo","hostname":"zqhdeMacBook-Pro.local","pid":14877,"level":20,"msg":"Processed: \u001b[35mlayout/_third-party/comments/livere.swig\u001b[39m","time":"2017-07-15T14:00:58.035Z","v":0}
{"name":"hexo","hostname":"zqhdeMacBook-Pro.local","pid":14877,"level":20,"msg":"Processed: \u001b[35mlayout/_third-party/comments/youyan.swig\u001b[39m","time":"2017-07-15T14:00:58.035Z","v":0}
{"name":"hexo","hostname":"zqhdeMacBook-Pro.local","pid":14877,"level":20,"msg":"Processed: \u001b[35mlayout/_third-party/search/index.swig\u001b[39m","time":"2017-07-15T14:00:58.035Z","v":0}
{"name":"hexo","hostname":"zqhdeMacBook-Pro.local","pid":14877,"level":20,"msg":"Processed: \u001b[35mlayout/_third-party/search/localsearch.swig\u001b[39m","time":"2017-07-15T14:00:58.035Z","v":0}
{"name":"hexo","hostname":"zqhdeMacBook-Pro.local","pid":14877,"level":20,"msg":"Processed: \u001b[35mlayout/_third-party/search/tinysou.swig\u001b[39m","time":"2017-07-15T14:00:58.035Z","v":0}
{"name":"hexo","hostname":"zqhdeMacBook-Pro.local","pid":14877,"level":20,"msg":"Processed: \u001b[35mlayout/_third-party/seo/baidu-push.swig\u001b[39m","time":"2017-07-15T14:00:58.035Z","v":0}
{"name":"hexo","hostname":"zqhdeMacBook-Pro.local","pid":14877,"level":20,"msg":"Processed: \u001b[35msource/lib/Han/dist/font/han-space.otf\u001b[39m","time":"2017-07-15T14:00:58.038Z","v":0}
{"name":"hexo","hostname":"zqhdeMacBook-Pro.local","pid":14877,"level":20,"msg":"Processed: \u001b[35msource/lib/Han/dist/font/han-space.woff\u001b[39m","time":"2017-07-15T14:00:58.038Z","v":0}
{"name":"hexo","hostname":"zqhdeMacBook-Pro.local","pid":14877,"level":20,"msg":"Processed: \u001b[35msource/lib/Han/dist/font/han.otf\u001b[39m","time":"2017-07-15T14:00:58.039Z","v":0}
{"name":"hexo","hostname":"zqhdeMacBook-Pro.local","pid":14877,"level":20,"msg":"Processed: \u001b[35msource/lib/Han/dist/font/han.woff\u001b[39m","time":"2017-07-15T14:00:58.039Z","v":0}
{"name":"hexo","hostname":"zqhdeMacBook-Pro.local","pid":14877,"level":20,"msg":"Processed: \u001b[35msource/lib/fancybox/source/helpers/fancybox_buttons.png\u001b[39m","time":"2017-07-15T14:00:58.039Z","v":0}
{"name":"hexo","hostname":"zqhdeMacBook-Pro.local","pid":14877,"level":20,"msg":"Processed: \u001b[35msource/lib/fancybox/source/helpers/jquery.fancybox-buttons.css\u001b[39m","time":"2017-07-15T14:00:58.039Z","v":0}
{"name":"hexo","hostname":"zqhdeMacBook-Pro.local","pid":14877,"level":20,"msg":"Processed: \u001b[35msource/lib/fancybox/source/helpers/jquery.fancybox-buttons.js\u001b[39m","time":"2017-07-15T14:00:58.039Z","v":0}
{"name":"hexo","hostname":"zqhdeMacBook-Pro.local","pid":14877,"level":20,"msg":"Processed: \u001b[35msource/lib/fancybox/source/helpers/jquery.fancybox-media.js\u001b[39m","time":"2017-07-15T14:00:58.039Z","v":0}
{"name":"hexo","hostname":"zqhdeMacBook-Pro.local","pid":14877,"level":20,"msg":"Processed: \u001b[35msource/lib/fancybox/source/helpers/jquery.fancybox-thumbs.css\u001b[39m","time":"2017-07-15T14:00:58.039Z","v":0}
{"name":"hexo","hostname":"zqhdeMacBook-Pro.local","pid":14877,"level":20,"msg":"Processed: \u001b[35msource/lib/fancybox/source/helpers/jquery.fancybox-thumbs.js\u001b[39m","time":"2017-07-15T14:00:58.040Z","v":0}
{"name":"hexo","hostname":"zqhdeMacBook-Pro.local","pid":14877,"level":20,"msg":"Processed: \u001b[35msource/lib/font-awesome/fonts/FontAwesome.otf\u001b[39m","time":"2017-07-15T14:00:58.040Z","v":0}
{"name":"hexo","hostname":"zqhdeMacBook-Pro.local","pid":14877,"level":20,"msg":"Processed: \u001b[35msource/lib/font-awesome/fonts/fontawesome-webfont.eot\u001b[39m","time":"2017-07-15T14:00:58.040Z","v":0}
{"name":"hexo","hostname":"zqhdeMacBook-Pro.local","pid":14877,"level":20,"msg":"Processed: \u001b[35msource/lib/font-awesome/fonts/fontawesome-webfont.ttf\u001b[39m","time":"2017-07-15T14:00:58.040Z","v":0}
{"name":"hexo","hostname":"zqhdeMacBook-Pro.local","pid":14877,"level":20,"msg":"Processed: \u001b[35msource/lib/algolia-instant-search/instantsearch.min.js\u001b[39m","time":"2017-07-15T14:00:58.042Z","v":0}
{"name":"hexo","hostname":"zqhdeMacBook-Pro.local","pid":14877,"level":20,"msg":"Processed: \u001b[35mlayout/_third-party/search/algolia-search/assets.swig\u001b[39m","time":"2017-07-15T14:00:58.045Z","v":0}
{"name":"hexo","hostname":"zqhdeMacBook-Pro.local","pid":14877,"level":20,"msg":"Processed: \u001b[35mlayout/_third-party/search/algolia-search/dom.swig\u001b[39m","time":"2017-07-15T14:00:58.045Z","v":0}
{"name":"hexo","hostname":"zqhdeMacBook-Pro.local","pid":14877,"level":20,"msg":"Processed: \u001b[35msource/lib/three/three.min.js\u001b[39m","time":"2017-07-15T14:00:58.045Z","v":0}
{"name":"hexo","hostname":"zqhdeMacBook-Pro.local","pid":14877,"level":20,"msg":"Processed: \u001b[35msource/lib/font-awesome/fonts/fontawesome-webfont.svg\u001b[39m","time":"2017-07-15T14:00:58.046Z","v":0}
{"name":"hexo","hostname":"zqhdeMacBook-Pro.local","pid":14877,"level":20,"msg":"Generator: \u001b[35mpage\u001b[39m","time":"2017-07-15T14:00:58.168Z","v":0}
{"name":"hexo","hostname":"zqhdeMacBook-Pro.local","pid":14877,"level":20,"msg":"Generator: \u001b[35mpost\u001b[39m","time":"2017-07-15T14:00:58.169Z","v":0}
{"name":"hexo","hostname":"zqhdeMacBook-Pro.local","pid":14877,"level":20,"msg":"Generator: \u001b[35marchive\u001b[39m","time":"2017-07-15T14:00:58.169Z","v":0}
{"name":"hexo","hostname":"zqhdeMacBook-Pro.local","pid":14877,"level":20,"msg":"Generator: \u001b[35mcategory\u001b[39m","time":"2017-07-15T14:00:58.169Z","v":0}
{"name":"hexo","hostname":"zqhdeMacBook-Pro.local","pid":14877,"level":20,"msg":"Generator: \u001b[35mindex\u001b[39m","time":"2017-07-15T14:00:58.169Z","v":0}
{"name":"hexo","hostname":"zqhdeMacBook-Pro.local","pid":14877,"level":20,"msg":"Generator: \u001b[35mtag\u001b[39m","time":"2017-07-15T14:00:58.169Z","v":0}
{"name":"hexo","hostname":"zqhdeMacBook-Pro.local","pid":14877,"level":20,"msg":"Generator: \u001b[35masset\u001b[39m","time":"2017-07-15T14:00:58.171Z","v":0}
{"name":"hexo","hostname":"zqhdeMacBook-Pro.local","pid":14877,"level":30,"msg":"Hexo is running at \u001b[4mhttp://localhost:4000/\u001b[24m. Press Ctrl+C to stop.","time":"2017-07-15T14:00:58.182Z","v":0}
{"name":"hexo","hostname":"zqhdeMacBook-Pro.local","pid":14877,"level":20,"msg":"Database saved","time":"2017-07-15T14:00:58.207Z","v":0}
{"name":"hexo","hostname":"zqhdeMacBook-Pro.local","pid":14877,"level":20,"msg":"Rendering index: \u001b[35mindex.html\u001b[39m","time":"2017-07-15T14:01:41.570Z","v":0}
{"name":"hexo","hostname":"zqhdeMacBook-Pro.local","pid":14877,"level":20,"msg":"Rendering index: \u001b[35mindex.html\u001b[39m","time":"2017-07-15T14:01:53.541Z","v":0}
{"name":"hexo","hostname":"zqhdeMacBook-Pro.local","pid":14877,"level":30,"msg":"See you again","time":"2017-07-15T14:04:02.894Z","v":0}
{"name":"hexo","hostname":"zqhdeMacBook-Pro.local","pid":14877,"level":20,"msg":"Database saved","time":"2017-07-15T14:04:02.919Z","v":0}
